Log file Realpaver 1.0 @ Fri Apr 29 17:50:59 2022

MAIN.  Bound-constrained optimization
MAIN.  Input file > Beale.bop
MAIN.  Input problem
Variables
   x in [-4.5, 4.5],
   y in [-4.5, 4.5]
;
Objectives
   MIN sqr((<1.5, 1.5>)-x+x*y)+sqr((<2.25, 2.25>)-x+x*sqr(y))+sqr((<2.625, 2.625>)-x+x*pow(y,3))
;
MAIN.  Preprocessing
MAIN.  Number of fixed variables: 0
MAIN.  Number of fake variables: 0
MAIN.  Number of inactive constraints: 0
INTER. Scope of the solution: {x, y}
MAIN.  Simplified problem
Variables
   x in [-4.5, 4.5],
   y in [-4.5, 4.5]
;
Objectives
   MIN sqr((<1.5, 1.5>)-x+x*y)+sqr((<2.25, 2.25>)-x+x*sqr(y))+sqr((<2.625, 2.625>)-x+x*pow(y,3))
;
MAIN.  Preprocessing
MAIN.  Number of fixed variables: 0
MAIN.  Number of fake variables: 0
MAIN.  Number of inactive constraints: 0
MAIN.  Presolved problem
Variables
   x in [-4.5, 4.5],
   y in [-4.5, 4.5]
;
Objectives
   MIN sqr((<1.5, 1.5>)-x+x*y)+sqr((<2.25, 2.25>)-x+x*sqr(y))+sqr((<2.625, 2.625>)-x+x*pow(y,3))
;
INTER. Creates the solving model
LOW.   DAG of presolved problem
fun 0: [0 1 2 3 4 5 6 7 8 9 10 11 12 13 14 15 16 17 18 19 20 21 22 23 24 25 26 27 28] in 0 bitset: 11
fun 1: [0 6 29 5 7 2 8 9 30 31 32 33 14 15 11 16 17 34 35 36 37 38 39 23 24 20 25 26 40 41] in 0 bitset: 11
fun 2: [5 6 7 2 8 9 42 14 15 11 16 17 43 44 23 24 20 25 26 45 46 47 48] in 0 bitset: 111
node 0: 2 sub[] par[4 13 22 29 31 33 39] depends on empty bitset
node 1: -1 sub[] par[3 12 21] depends on empty bitset
node 2: y sub[] par[3 8 11 20 31] depends on 01
node 3: + sub[1 2] par[4] depends on 01
node 4: * sub[0 3] par[10] depends on 01
node 5: 1.5 sub[] par[7] depends on empty bitset
node 6: x sub[] par[7 8 15 16 24 25 29 32 38] depends on 1
node 7: - sub[5 6] par[9] depends on 1
node 8: * sub[6 2] par[9] depends on 11
node 9: + sub[7 8] par[10 30 42] depends on 11
node 10: * sub[4 9] par[19] depends on 11
node 11: sqr sub[2] par[12 16 37] depends on 01
node 12: + sub[1 11] par[13] depends on 01
node 13: * sub[0 12] par[18] depends on 01
node 14: 2.25 sub[] par[15] depends on empty bitset
node 15: - sub[14 6] par[17] depends on 1
node 16: * sub[6 11] par[17] depends on 11
node 17: + sub[15 16] par[18 34 43] depends on 11
node 18: * sub[13 17] par[19] depends on 11
node 19: + sub[10 18] par[28] depends on 11
node 20: ^3 sub[2] par[21 25] depends on 01
node 21: + sub[1 20] par[22] depends on 01
node 22: * sub[0 21] par[27] depends on 01
node 23: 2.625 sub[] par[24] depends on empty bitset
node 24: - sub[23 6] par[26] depends on 1
node 25: * sub[6 20] par[26] depends on 11
node 26: + sub[24 25] par[27 40 45] depends on 11
node 27: * sub[22 26] par[28] depends on 11
node 28: + sub[19 27] par[] depends on 11
node 29: * sub[0 6] par[30] depends on 1
node 30: * sub[29 9] par[35] depends on 11
node 31: * sub[0 2] par[32] depends on 01
node 32: * sub[31 6] par[33] depends on 11
node 33: * sub[0 32] par[34] depends on 11
node 34: * sub[33 17] par[35] depends on 11
node 35: + sub[30 34] par[41] depends on 11
node 36: 3 sub[] par[37] depends on empty bitset
node 37: * sub[36 11] par[38] depends on 01
node 38: * sub[37 6] par[39] depends on 11
node 39: * sub[0 38] par[40] depends on 11
node 40: * sub[39 26] par[41] depends on 11
node 41: + sub[35 40] par[] depends on 11
node 42: sqr sub[9] par[44] depends on 11
node 43: sqr sub[17] par[44] depends on 11
node 44: + sub[42 43] par[46] depends on 11
node 45: sqr sub[26] par[46] depends on 11
node 46: + sub[44 45] par[48] depends on 11
node 47: _z sub[] par[48] depends on 001
node 48: - sub[46 47] par[] depends on 111

INTER. Boundary variable: y
INTER. Boundary variable: x
MAIN.  Branch-and-bound algorithm
INTER. Node 0: ([-4.5, 4.5], [-4.5, 4.5], [-inf, inf])
LOW.   Lower bound for node 0 after  propagation: -0
INTER. Lower bound not found for node 0
LOW.   Local solver based on gradient descent
LOW.   Starting point: (0, 0)
LOW.   Stop on iteration limit (20)
LOW.   Final point: (2.87259, 0.467937)
INTER. New upper bound of the global optimum: 0.00303236
INTER. Refined upper bound: 0.00303136
INTER. New incumbent solution: (2.87259, 0.467937)
INTER. Upper bound: 0.00303236
INTER. Lower bound: -0
INTER. Tolerance on the global optimum: 1.00001e-06 (rel)
INTER. Time limit: 100s
INTER. Node limit: 100000
INTER. Current enclosure of the optimum: [0.00303135594376, 0.00303235594377]
INTER. Current lowest lower bound: -0
INTER. Extracts node 0
INTER. Splits node 0 > 2 sub-nodes
INTER. Node 1: ([-4.5, 0], [-4.5, 4.5], [-0, 0.00303235594377])
INTER. Contraction -> empty
INTER. Node 2: ([0, 4.5], [-4.5, 4.5], [-0, 0.00303235594377])
INTER. Contraction -> maybe
INTER. New region: ([2.61779322394, 4.5], [0.263472130641, 0.900000000001], [-0, 0.00303135594377])
LOW.   Lower bound for node 2 after  propagation: -0
INTER. Lower bound not improved for node 2 (0)
LOW.   Local solver based on gradient descent
LOW.   Starting point: (3.5589, 0.581737)
LOW.   Stop on iteration limit (20)
LOW.   Final point: (3.51383, 0.606064)
INTER. Polytope reduction -> maybe
INTER. New region:  ([2.61779322394, 4.5], [0.268179145532, 0.702301066624], [-0, 0.00303135594377])
INTER. Inserts node 2 in the space
INTER. Current enclosure of the optimum: [0.00303135594376, 0.00303235594377]
INTER. Current lowest lower bound: -0
INTER. Extracts node 2
INTER. Splits node 2 > 2 sub-nodes
INTER. Node 3: ([2.61779322394, 4.5], [0.268179145532, 0.485240106079], [-0, 0.00303135594377])
INTER. Contraction -> maybe
INTER. New region: ([2.73893824434, 2.99423457916], [0.395263342175, 0.485240106079], [-0, 0.00303135594377])
LOW.   Lower bound for node 3 after  propagation: -0
INTER. Lower bound improved for node 3: 0.00018687
LOW.   Local solver based on gradient descent
LOW.   Starting point: (2.86659, 0.440252)
LOW.   Stop on iteration limit (20)
LOW.   Final point: (2.91018, 0.477132)
INTER. New upper bound of the global optimum: 0.00143026
INTER. Refined upper bound: 0.00142926
INTER. New incumbent solution: (2.91019, 0.477132)
INTER. Polytope reduction -> maybe
INTER. New region:  ([2.80214389314, 2.94816371613], [0.443631959111, 0.485240106079], [-0, 0.00303135594377])
INTER. Inserts node 3 in the space
INTER. Node 4: ([2.61779322394, 4.5], [0.485240106078, 0.702301066624], [-0, 0.00303135594377])
INTER. Contraction -> maybe
INTER. New region: ([2.92091435462, 3.37067593437], [0.485240106078, 0.622016112048], [-0, 0.00142925824503])
LOW.   Lower bound for node 4 after  propagation: -0
INTER. Lower bound not improved for node 4 (0)
LOW.   Local solver based on gradient descent
LOW.   Starting point: (3.1458, 0.553629)
LOW.   Stop on iteration limit (20)
LOW.   Final point: (3.12372, 0.53065)
INTER. Polytope reduction -> maybe
INTER. New region:  ([2.94816369612, 3.37067593437], [0.485240106078, 0.573385198102], [-0, 0.00142925824503])
INTER. Inserts node 4 in the space
INTER. Current enclosure of the optimum: [0.00142925824502, 0.00143025824503]
INTER. Current lowest lower bound: -0
INTER. Extracts node 4
INTER. Splits node 4 > 2 sub-nodes
INTER. Node 5: ([2.94816369612, 3.15941981525], [0.485240106078, 0.573385198102], [-0, 0.00142925824503])
INTER. Contraction -> maybe
INTER. New region: ([2.94816369612, 3.15941981525], [0.485240106078, 0.544476597081], [-0, 0.00142925824503])
LOW.   Lower bound for node 5 after  propagation: -0
INTER. Lower bound not improved for node 5 (0)
LOW.   Local solver based on gradient descent
LOW.   Starting point: (3.0538, 0.514859)
LOW.   Stop on iteration limit (20)
LOW.   Final point: (3.04278, 0.510265)
INTER. New upper bound of the global optimum: 0.000280029
INTER. Refined upper bound: 0.000279029
INTER. New incumbent solution: (3.04278, 0.510266)
INTER. Polytope reduction -> maybe
INTER. New region:  ([2.95894574441, 3.13891948147], [0.488633302461, 0.533746640904], [-0, 0.00142925824503])
INTER. Inserts node 5 in the space
INTER. Node 6: ([3.15941981524, 3.37067593437], [0.485240106078, 0.573385198102], [-0, 0.00142925824503])
INTER. Contraction -> empty
INTER. Current enclosure of the optimum: [0.000279028686321, 0.000280028686322]
INTER. Current lowest lower bound: -0
INTER. Extracts node 5
INTER. Splits node 5 > 2 sub-nodes
INTER. Node 7: ([2.95894574441, 3.13891948147], [0.488633302461, 0.511189971683], [-0, 0.00142925824503])
INTER. Contraction -> maybe
INTER. New region: ([2.95894574441, 3.04899966843], [0.488633302461, 0.511189971683], [-0, 0.000279028686322])
LOW.   Lower bound for node 7 after  propagation: -0
INTER. Lower bound not improved for node 7 (0)
LOW.   Local solver based on gradient descent
LOW.   Starting point: (3.00398, 0.499912)
LOW.   Stop on iteration limit (20)
LOW.   Final point: (3.00285, 0.50074)
INTER. New upper bound of the global optimum: 1.3212e-06
INTER. Refined upper bound: 3.21196e-07
INTER. New incumbent solution: (3.00285, 0.50074)
INTER. Polytope reduction -> maybe
INTER. New region:  ([2.97660486251, 3.02600602841], [0.493614900216, 0.506803685898], [-0, 0.000279028686322])
INTER. Inserts node 7 in the space
INTER. Node 8: ([2.95894574441, 3.13891948147], [0.511189971682, 0.533746640904], [-0, 0.00142925824503])
INTER. Contraction -> empty
INTER. Current enclosure of the optimum: [3.21195415656e-07, 1.32119541566e-06]
INTER. Current lowest lower bound: -0
INTER. Extracts node 7
INTER. Splits node 7 > 2 sub-nodes
INTER. Node 9: ([2.97660486251, 3.00130544547], [0.493614900216, 0.506803685898], [-0, 0.000279028686322])
INTER. Contraction -> maybe
INTER. New region: ([2.99636532887, 3.00130544547], [0.498489115847, 0.500927216118], [-0, 3.21195415657e-07])
LOW.   Lower bound for node 9 after  propagation: -0
INTER. Lower bound not improved for node 9 (0)
LOW.   Local solver based on gradient descent
LOW.   Starting point: (2.99884, 0.499709)
LOW.   Stop on tolerance on the norm of the gradient (0.001)
LOW.   Final point: (2.99918, 0.499842)
INTER. New upper bound of the global optimum: 1.58875e-07
INTER. Refined upper bound: -8.41125e-07
INTER. New incumbent solution: (2.99918, 0.499843)
INTER. Polytope reduction -> maybe
INTER. New region:  ([2.99969716353, 3.00026794859], [0.499918830653, 0.500070480874], [-0, 3.21195415657e-07])
INTER. Inserts node 9 in the space
INTER. Node 10: ([3.00130544546, 3.02600602841], [0.493614900216, 0.506803685898], [-0, 0.000279028686322])
INTER. Node fathomed by BB theorem
MAIN.  Stop since the space is empty
MAIN.  Number of nodes processed: 11
MAIN.  Preprocessing time: 0.00500001s
MAIN.  Solving time: 0.0930001s
MAIN.  Optimization status: Optimal
MAIN.  Best point found: (2.99918, 0.499843)
MAIN.  Global optimum: [-8.41125395841e-07, 1.5887460416e-07]
