Log file Realpaver 1.0 @ Fri Apr 29 17:54:41 2022

MAIN.  Bound-constrained optimization
MAIN.  Input file > Colville.bop
MAIN.  Input problem
Variables
   x1 in [-10, 10],
   x2 in [-10, 10],
   x3 in [-10, 10],
   x4 in [-10, 10]
;
Objectives
   MIN 100*sqr((sqr(x1))-x2)+sqr((x1)-(1))+sqr((x3)-(1))+90*sqr((sqr(x3))-x4)+[10.0999999999, 10.1000000001]*(sqr((x2)-(1))+sqr((x4)-(1)))+[19.7999999999, 19.8000000001]*((x2)-(1))*((x4)-(1))
;
MAIN.  Preprocessing
MAIN.  Number of fixed variables: 0
MAIN.  Number of fake variables: 0
MAIN.  Number of inactive constraints: 0
INTER. Scope of the solution: {x1, x2, x3, x4}
MAIN.  Simplified problem
Variables
   x1 in [-10, 10],
   x2 in [-10, 10],
   x3 in [-10, 10],
   x4 in [-10, 10]
;
Objectives
   MIN 100*sqr((sqr(x1))-x2)+sqr((x1)-(1))+sqr((x3)-(1))+90*sqr((sqr(x3))-x4)+[10.0999999999, 10.1000000001]*(sqr((x2)-(1))+sqr((x4)-(1)))+[19.7999999999, 19.8000000001]*((x2)-(1))*((x4)-(1))
;
MAIN.  Preprocessing
MAIN.  Number of fixed variables: 0
MAIN.  Number of fake variables: 0
MAIN.  Number of inactive constraints: 0
MAIN.  Presolved problem
Variables
   x1 in [-10, 10],
   x2 in [-10, 10],
   x3 in [-10, 10],
   x4 in [-10, 10]
;
Objectives
   MIN 100*sqr((sqr(x1))-x2)+sqr((x1)-(1))+sqr((x3)-(1))+90*sqr((sqr(x3))-x4)+[10.0999999999, 10.1000000001]*(sqr((x2)-(1))+sqr((x4)-(1)))+[19.7999999999, 19.8000000001]*((x2)-(1))*((x4)-(1))
;
INTER. Creates the solving model
LOW.   DAG of presolved problem
fun 0: [0 1 2 3 4 5 6 7 8 9 10 11 12 13] in 0 bitset: 11
fun 1: [0 14 2 5 6 7 15 16 17 1 10 18 19 20 21 22 23 24 25 26] in 0 bitset: 1101
fun 2: [1 27 10 28 29 30 31 32 33 23 34 35 36 37] in 0 bitset: 0011
fun 3: [30 14 27 33 23 34 38 39 17 1 10 24 40 41 42 22 6 18 43 44] in 0 bitset: 0111
fun 4: [0 2 5 6 7 45 46 10 11 47 48 27 28 49 50 30 33 23 34 51 52 53 17 18 54 24 55 56 57 58 22 43 59 60 61 62] in 0 bitset: 11111
node 0: 100 sub[] par[9 16 46] depends on empty bitset
node 1: 2 sub[] par[3 4 12 19 29 31 32 40] depends on empty bitset
node 2: x1 sub[] par[3 5 11] depends on 1
node 3: * sub[1 2] par[4] depends on 1
node 4: * sub[1 3] par[8] depends on 1
node 5: sqr sub[2] par[7] depends on 1
node 6: x2 sub[] par[7 18] depends on 01
node 7: - sub[5 6] par[8 15 45] depends on 11
node 8: * sub[4 7] par[9] depends on 11
node 9: * sub[0 8] par[13] depends on 11
node 10: 1 sub[] par[11 18 24 28] depends on empty bitset
node 11: - sub[2 10] par[12 47] depends on 1
node 12: * sub[1 11] par[13] depends on 1
node 13: + sub[9 12] par[] depends on 11
node 14: -2 sub[] par[15 38] depends on empty bitset
node 15: * sub[14 7] par[16] depends on 11
node 16: * sub[0 15] par[21] depends on 11
node 17: [10.0999999999, 10.1000000001] sub[] par[20 41 57] depends on empty bitset
node 18: - sub[6 10] par[19 43 54] depends on 01
node 19: * sub[1 18] par[20] depends on 01
node 20: * sub[17 19] par[21] depends on 01
node 21: + sub[16 20] par[26] depends on 11
node 22: [19.7999999999, 19.8000000001] sub[] par[25 43] depends on empty bitset
node 23: x4 sub[] par[24 34] depends on 0001
node 24: - sub[23 10] par[25 40 55 59] depends on 0001
node 25: * sub[22 24] par[26] depends on 0001
node 26: + sub[21 25] par[] depends on 1101
node 27: x3 sub[] par[28 31 33] depends on 001
node 28: - sub[27 10] par[29 49] depends on 001
node 29: * sub[1 28] par[37] depends on 001
node 30: 90 sub[] par[36 39 52] depends on empty bitset
node 31: * sub[1 27] par[32] depends on 001
node 32: * sub[1 31] par[35] depends on 001
node 33: sqr sub[27] par[34] depends on 001
node 34: - sub[33 23] par[35 38 51] depends on 0011
node 35: * sub[32 34] par[36] depends on 0011
node 36: * sub[30 35] par[37] depends on 0011
node 37: + sub[29 36] par[] depends on 0011
node 38: * sub[14 34] par[39] depends on 0011
node 39: * sub[30 38] par[42] depends on 0011
node 40: * sub[1 24] par[41] depends on 0001
node 41: * sub[17 40] par[42] depends on 0001
node 42: + sub[39 41] par[44] depends on 0011
node 43: * sub[22 18] par[44 59] depends on 01
node 44: + sub[42 43] par[] depends on 0111
node 45: sqr sub[7] par[46] depends on 11
node 46: * sub[0 45] par[48] depends on 11
node 47: sqr sub[11] par[48] depends on 1
node 48: + sub[46 47] par[50] depends on 11
node 49: sqr sub[28] par[50] depends on 001
node 50: + sub[48 49] par[53] depends on 111
node 51: sqr sub[34] par[52] depends on 0011
node 52: * sub[30 51] par[53] depends on 0011
node 53: + sub[50 52] par[58] depends on 1111
node 54: sqr sub[18] par[56] depends on 01
node 55: sqr sub[24] par[56] depends on 0001
node 56: + sub[54 55] par[57] depends on 0101
node 57: * sub[17 56] par[58] depends on 0101
node 58: + sub[53 57] par[60] depends on 1111
node 59: * sub[43 24] par[60] depends on 0101
node 60: + sub[58 59] par[62] depends on 1111
node 61: _z sub[] par[62] depends on 00001
node 62: - sub[60 61] par[] depends on 11111

INTER. Boundary variable: x4
INTER. Boundary variable: x3
INTER. Boundary variable: x1
INTER. Boundary variable: x2
MAIN.  Branch-and-bound algorithm
INTER. Node 0: ([-10, 10], [-10, 10], [-10, 10], [-10, 10], [-inf, inf])
LOW.   Lower bound for node 0 after  propagation: -1960.2
INTER. Lower bound not found for node 0
LOW.   Local solver based on gradient descent
LOW.   Starting point: (0, 0, 0, 0)
LOW.   Stop on iteration limit (20)
LOW.   Final point: (0.944016, 0.911242, 0.962774, 0.931993)
INTER. New upper bound of the global optimum: 0.29292
INTER. Refined upper bound: 0.29282
INTER. New incumbent solution: (0.944017, 0.911243, 0.962775, 0.931994)
INTER. Upper bound: 0.29292
INTER. Lower bound: -1960.2
INTER. Tolerance on the global optimum: 0.000100001 (rel)
INTER. Time limit: 100s
INTER. Node limit: 100000
INTER. Current enclosure of the optimum: [0.292819607197, 0.292919607198]
INTER. Current lowest lower bound: -1960.2
INTER. Extracts node 0
INTER. Splits node 0 > 2 sub-nodes
INTER. Node 1: ([-10, 0], [-10, 10], [-10, 10], [-10, 10], [-1960.20000001, 0.292919607198])
INTER. Contraction -> maybe
INTER. New region: ([-1.64132627961, -0.00250627351594], [0.00355382143219, 2.69915881115], [-1.80079014887, 1.80079014887], [-0.325202159026, 2.91677121093], [-36.8147003307, 0.292819607198])
LOW.   Lower bound for node 1 after  propagation: -36.8147
INTER. Lower bound improved for node 1: -35.6494
LOW.   Local solver based on gradient descent
LOW.   Starting point: (-0.821916, 1.35136, 0, 1.29579)
LOW.   Stop on iteration limit (20)
LOW.   Final point: (-1.22662, 1.54102, 0.241813, 0.0934485)
INTER. Polytope reduction -> maybe
INTER. New region:  ([-1.60581294572, -0.00433124322574], [0.00355382143219, 2.55269729921], [-1.65351927704, 1.68640623107], [-0.0526643772642, 2.73738023838], [-36.8147003307, 0.292819607198])
INTER. Inserts node 1 in the space
INTER. Node 2: ([0, 10], [-10, 10], [-10, 10], [-10, 10], [-1960.20000001, 0.292919607198])
INTER. Contraction -> maybe
INTER. New region: ([0, 1.8492629201], [-0.367564018682, 3.4198240875], [-2.02601371366, 2.02601371366], [-0.412165722636, 3.69194316297], [-72.8974161184, 0.292819607198])
LOW.   Lower bound for node 2 after  propagation: -72.8974
INTER. Lower bound improved for node 2: -63.0982
LOW.   Local solver based on gradient descent
LOW.   Starting point: (0.924632, 1.52614, 0, 1.63989)
LOW.   Stop on iteration limit (20)
LOW.   Final point: (1.23716, 1.52119, 0.166652, 0.0717467)
INTER. Polytope reduction -> maybe
INTER. New region:  ([0.00131843810127, 1.79714897079], [-0.127079095077, 3.2045800522], [-1.87128893777, 1.89480485877], [-0.11713629789, 3.43347549151], [-72.8974161184, 0.292819607198])
INTER. Inserts node 2 in the space
INTER. Current enclosure of the optimum: [0.292819607197, 0.292919607198]
INTER. Current lowest lower bound: -63.0983
INTER. Extracts node 2
INTER. Splits node 2 > 2 sub-nodes
INTER. Node 3: ([0.00131843810127, 1.79714897079], [-0.127079095077, 1.53875047856], [-1.87128893777, 1.89480485877], [-0.11713629789, 3.43347549151], [-72.8974161184, 0.292819607198])
INTER. Contraction -> maybe
INTER. New region: ([0.00131843810127, 1.27412065851], [-0.127079095077, 1.53875047856], [-1.72843572987, 1.79496438739], [0.139898339766, 3.22176426824], [-48.6318722403, 0.292819607198])
LOW.   Lower bound for node 3 after  propagation: -48.6319
INTER. Lower bound improved for node 3: -24.9149
LOW.   Local solver based on gradient descent
LOW.   Starting point: (0.63772, 0.705836, 0.0332644, 1.68084)
LOW.   Final point: (0.751679, 0.587563, 0.201122, 0.275916)
INTER. Polytope reduction -> maybe
INTER. New region:  ([0.00411546454298, 1.25228975797], [-0.0638217792208, 1.53875047856], [-1.67215768341, 1.73145243538], [0.16648596682, 2.90579644181], [-48.6318722403, 0.292819607198])
INTER. Inserts node 3 in the space
INTER. Node 4: ([0.00131843810127, 1.79714897079], [1.53875047855, 3.2045800522], [-1.87128893777, 1.89480485877], [-0.11713629789, 3.43347549151], [-72.8974161184, 0.292819607198])
INTER. Contraction -> maybe
INTER. New region: ([1.23934507037, 1.68746016694], [1.53875047855, 2.84731724972], [-0.914840825206, 0.962469322375], [-0.115408521296, 0.917415529342], [-31.2427027168, 0.292819607198])
LOW.   Lower bound for node 4 after  propagation: -31.2427
INTER. Lower bound improved for node 4: -3.44066
LOW.   Local solver based on gradient descent
LOW.   Starting point: (1.46341, 2.19304, 0.0238143, 0.401004)
LOW.   Stop on iteration limit (20)
LOW.   Final point: (1.44705, 2.08726, 0.0868858, 0.000713571)
INTER. Polytope reduction -> maybe
INTER. New region:  ([1.23979871684, 1.60966386712], [1.53875047855, 2.54235881768], [-0.855404735295, 0.91993979198], [-0.017429390365, 0.824429604973], [-31.2427027168, 0.292819607198])
INTER. Inserts node 4 in the space
INTER. Current enclosure of the optimum: [0.292819607197, 0.292919607198]
INTER. Current lowest lower bound: -35.6495
INTER. Extracts node 1
INTER. Splits node 1 > 2 sub-nodes
INTER. Node 5: ([-1.60581294572, -0.00433124322574], [0.00355382143219, 1.27812556032], [-1.65351927704, 1.68640623107], [-0.0526643772642, 2.73738023838], [-36.8147003307, 0.292819607198])
INTER. Contraction -> maybe
INTER. New region: ([-0.986658704842, -0.00513577610093], [0.00511999110568, 0.978588219316], [-1.60146102243, 1.65448432525], [1.03739185057, 2.73738023838], [-33.1946127479, 0.292819607198])
LOW.   Lower bound for node 5 after  propagation: -33.1946
INTER. Lower bound improved for node 5: -5.05437
LOW.   Local solver based on gradient descent
LOW.   Starting point: (-0.495897, 0.491855, 0.0265117, 1.88739)
LOW.   Final point: (-0.495897, 0.491854, 0.0265117, 1.88739)
INTER. Polytope reduction -> maybe
INTER. New region:  ([-0.948884558489, -0.0726056659118], [0.0345292538123, 0.879322671087], [-1.29535015547, 1.58474950224], [1.17469051849, 2.45661452219], [-33.1946127479, 0.292819607198])
INTER. Inserts node 5 in the space
INTER. Node 6: ([-1.60581294572, -0.00433124322574], [1.27812556031, 2.55269729921], [-1.65351927704, 1.68640623107], [-0.0526643772642, 2.73738023838], [-36.8147003307, 0.292819607198])
INTER. Contraction -> maybe
INTER. New region: ([-1.54645413103, -1.15369554187], [1.34265167403, 2.39732490062], [0.350436027828, 0.890398859763], [0.112507699183, 0.782385380188], [-18.242073327, 0.292819607198])
LOW.   Lower bound for node 6 after  propagation: -18.2421
INTER. Lower bound not found for node 6
LOW.   Local solver based on gradient descent
LOW.   Starting point: (-1.35007, 1.86999, 0.620418, 0.447447)
LOW.   Final point: (-1.32891, 1.75559, 0.622676, 0.379772)
INTER. Polytope reduction -> empty
INTER. Current enclosure of the optimum: [0.292819607197, 0.292919607198]
INTER. Current lowest lower bound: -24.9149
INTER. Extracts node 4
INTER. Splits node 4 > 2 sub-nodes
INTER. Node 7: ([1.23979871684, 1.60966386712], [1.53875047855, 2.54235881768], [-0.855404735295, 0.0322675283422], [-0.017429390365, 0.824429604973], [-31.2427027168, 0.292819607198])
INTER. Contraction -> maybe
INTER. New region: ([1.23994578912, 1.46272842877], [1.53875047855, 2.14091548203], [-0.853243945639, 0.0322675283422], [-0.017429390365, 0.682272450898], [-10.3953249567, 0.292819607198])
LOW.   Lower bound for node 7 after  propagation: -3.44066
INTER. Lower bound improved for node 7: -0.0395482
LOW.   Local solver based on gradient descent
LOW.   Starting point: (1.35134, 1.83984, -0.410488, 0.332422)
LOW.   Stop on iteration limit (20)
LOW.   Final point: (1.34339, 1.8024, -0.429941, 0.193616)
INTER. Polytope reduction -> maybe
INTER. New region:  ([1.36205797591, 1.42306312574], [1.86222211393, 2.01299457352], [-0.308837957103, -0.113547286625], [0.111517976506, 0.264803368735], [-10.3953249567, 0.292819607198])
INTER. Inserts node 7 in the space
INTER. Node 8: ([1.23979871684, 1.60966386712], [1.53875047855, 2.54235881768], [0.0322675283421, 0.91993979198], [-0.017429390365, 0.824429604973], [-31.2427027168, 0.292819607198])
INTER. Contraction -> maybe
INTER. New region: ([1.23994578912, 1.46272842877], [1.53875047855, 2.14091548203], [0.0322675283421, 0.916428399432], [-0.017429390365, 0.782846075897], [-12.0051425501, 0.292819607198])
LOW.   Lower bound for node 8 after  propagation: -3.44066
INTER. Lower bound improved for node 8: -1.45826
LOW.   Local solver based on gradient descent
LOW.   Starting point: (1.35134, 1.83984, 0.474348, 0.382709)
LOW.   Stop on iteration limit (20)
LOW.   Final point: (1.33275, 1.77387, 0.538121, 0.284546)
INTER. Polytope reduction -> maybe
INTER. New region:  ([1.24004522342, 1.43226044554], [1.53875047855, 2.04292519035], [0.107528708696, 0.840317886416], [0.0369124289207, 0.661096542775], [-12.0051425501, 0.292819607198])
INTER. Inserts node 8 in the space
INTER. Current enclosure of the optimum: [0.292819607197, 0.292919607198]
INTER. Current lowest lower bound: -24.9149
INTER. Extracts node 3
INTER. Splits node 3 > 2 sub-nodes
INTER. Node 9: ([0.00411546454298, 1.25228975797], [-0.0638217792208, 1.53875047856], [-1.67215768341, 0.0296473759891], [0.16648596682, 2.90579644181], [-48.6318722403, 0.292819607198])
INTER. Contraction -> maybe
INTER. New region: ([0.00411546454298, 1.24033743789], [-0.0638217792208, 1.53875047856], [-1.53279120087, -0.372931176633], [0.16648596682, 2.35793434682], [-13.2422533004, 0.292819607198])
LOW.   Lower bound for node 9 after  propagation: -13.2423
INTER. Lower bound not improved for node 9 (-13.2422)
LOW.   Local solver based on gradient descent
LOW.   Starting point: (0.622227, 0.737465, -0.952861, 1.26222)
LOW.   Stop on iteration limit (20)
LOW.   Final point: (0.865544, 0.749775, -1.09546, 1.19999)
INTER. Polytope reduction -> maybe
INTER. New region:  ([0.0148433559285, 1.23367408355], [0.0196069603954, 1.51718852924], [-1.47213441175, -0.415188985355], [0.251193484032, 2.140198197], [-13.2422533004, 0.292819607198])
INTER. Inserts node 9 in the space
INTER. Node 10: ([0.00411546454298, 1.25228975797], [-0.0638217792208, 1.53875047856], [0.029647375989, 1.73145243538], [0.16648596682, 2.90579644181], [-48.6318722403, 0.292819607198])
INTER. Contraction -> maybe
INTER. New region: ([0.00411546454298, 1.2415464426], [-0.0638217792208, 1.53875047856], [0.409227247095, 1.53515072888], [0.16648596682, 2.35793434682], [-21.1292083318, 0.292819607198])
LOW.   Lower bound for node 10 after  propagation: -21.1292
INTER. Lower bound improved for node 10: -17.3801
LOW.   Local solver based on gradient descent
LOW.   Starting point: (0.622831, 0.737465, 0.972189, 1.26222)
LOW.   Stop on iteration limit (20)
LOW.   Final point: (0.847238, 0.718539, 1.13092, 1.2751)
INTER. New upper bound of the global optimum: 0.0732626
INTER. Refined upper bound: 0.0731626
INTER. New incumbent solution: (0.847239, 0.718539, 1.13093, 1.27511)
INTER. Polytope reduction -> maybe
INTER. New region:  ([0.00715320246446, 1.24057825534], [-0.0219698288577, 1.53875047856], [0.41659499507, 1.51339361084], [0.206089071578, 2.28029751009], [-21.1292083318, 0.292819607198])
INTER. Inserts node 10 in the space
INTER. Current enclosure of the optimum: [0.073162582679, 0.0732625826791]
INTER. Current lowest lower bound: -17.3801
INTER. Extracts node 10
INTER. Splits node 10 > 2 sub-nodes
INTER. Node 11: ([0.00715320246446, 1.24057825534], [-0.0219698288577, 1.53875047856], [0.41659499507, 1.51339361084], [0.206089071578, 1.24319329084], [-21.1292083318, 0.292819607198])
INTER. Contraction -> maybe
INTER. New region: ([0.776236302878, 1.24028990908], [0.602318294108, 1.53875047856], [0.454090235758, 1.11588761731], [0.206089071578, 1.24319329084], [-7.91814830903, 0.0731625826791])
LOW.   Lower bound for node 11 after  propagation: -7.91814
INTER. Lower bound improved for node 11: -4.38406
LOW.   Local solver based on gradient descent
LOW.   Starting point: (1.00827, 1.07054, 0.784989, 0.724642)
LOW.   Stop on iteration limit (20)
LOW.   Final point: (1.0844, 1.17123, 0.904682, 0.818263)
INTER. New upper bound of the global optimum: 0.0319799
INTER. Refined upper bound: 0.0318799
INTER. New incumbent solution: (1.08441, 1.17123, 0.904682, 0.818263)
INTER. Polytope reduction -> maybe
INTER. New region:  ([0.788290491612, 1.24012405956], [0.635636857291, 1.53875047856], [0.470551654621, 1.11507043096], [0.260539044118, 1.24319329084], [-7.91814830903, 0.0731625826791])
INTER. Inserts node 11 in the space
INTER. Node 12: ([0.00715320246446, 1.24057825534], [-0.0219698288577, 1.53875047856], [0.41659499507, 1.51339361084], [1.24319329083, 2.28029751009], [-21.1292083318, 0.292819607198])
INTER. Contraction -> maybe
INTER. New region: ([0.00715320246446, 0.95702857556], [-0.0219698288577, 0.914462355592], [1.11385551216, 1.50989296913], [1.24319329083, 2.28029751009], [-19.6825397313, 0.0318798221533])
LOW.   Lower bound for node 12 after  propagation: -17.3801
INTER. Lower bound improved for node 12: -4.35629
LOW.   Local solver based on gradient descent
LOW.   Starting point: (0.482091, 0.446247, 1.31188, 1.76175)
LOW.   Stop on iteration limit (20)
LOW.   Final point: (0.581295, 0.33481, 1.30516, 1.7002)
INTER. Polytope reduction -> maybe
INTER. New region:  ([0.0391693536584, 0.943378473749], [0.00288917191195, 0.886597313936], [1.11440372219, 1.47291137048], [1.24319329083, 2.15300111881], [-19.6825397313, 0.0318798221533])
INTER. Inserts node 12 in the space
INTER. Current enclosure of the optimum: [0.0318798221532, 0.0319798221533]
INTER. Current lowest lower bound: -13.2423
INTER. Extracts node 9
INTER. Splits node 9 > 2 sub-nodes
INTER. Node 13: ([0.0148433559285, 1.23367408355], [0.0196069603954, 1.51718852924], [-1.47213441175, -0.415188985355], [0.251193484032, 1.19569584052], [-13.2422533004, 0.292819607198])
INTER. Contraction -> empty
INTER. Node 14: ([0.0148433559285, 1.23367408355], [0.0196069603954, 1.51718852924], [-1.47213441175, -0.415188985355], [1.19569584051, 2.140198197], [-13.2422533004, 0.292819607198])
INTER. Contraction -> empty
INTER. Current enclosure of the optimum: [0.0318798221532, 0.0319798221533]
INTER. Current lowest lower bound: -5.05438
INTER. Extracts node 11
INTER. Splits node 11 > 2 sub-nodes
INTER. Node 15: ([0.788290491612, 1.01420727559], [0.635636857291, 1.53875047856], [0.470551654621, 1.11507043096], [0.260539044118, 1.24319329084], [-7.91814830903, 0.0731625826791])
INTER. Contraction -> maybe
INTER. New region: ([0.797245954232, 1.01420727559], [0.635636857291, 1.02869205703], [0.93893440756, 1.11493492334], [0.881803559357, 1.24319329084], [-1.73198170767, 0.0318798221533])
LOW.   Lower bound for node 15 after  propagation: -1.73198
INTER. Lower bound improved for node 15: -0.589997
LOW.   Local solver based on gradient descent
LOW.   Starting point: (0.905727, 0.832165, 1.02694, 1.0625)
LOW.   Stop on iteration limit (20)
LOW.   Final point: (0.934542, 0.873623, 1.04908, 1.09979)
INTER. New upper bound of the global optimum: 0.0189393
INTER. Refined upper bound: 0.0188393
INTER. New incumbent solution: (0.934543, 0.873623, 1.04908, 1.09979)
INTER. Polytope reduction -> maybe
INTER. New region:  ([0.825911035431, 1.01420727559], [0.697543893488, 1.02868644913], [0.958737831833, 1.1147554427], [0.92793078229, 1.24319329084], [-1.73198170767, 0.0318798221533])
INTER. Inserts node 15 in the space
INTER. Node 16: ([1.01420727558, 1.24012405956], [0.635636857291, 1.53875047856], [0.470551654621, 1.11507043096], [0.260539044118, 1.24319329084], [-7.91814830903, 0.0731625826791])
INTER. Contraction -> maybe
INTER. New region: ([1.01420727558, 1.24012405956], [1.02867868939, 1.53875047856], [0.677031856471, 1.00929248482], [0.457069893461, 1.01819264748], [-4.36706419991, 0.0188392431225])
LOW.   Lower bound for node 16 after  propagation: -4.36706
INTER. Lower bound improved for node 16: -1.40098
LOW.   Local solver based on gradient descent
LOW.   Starting point: (1.12717, 1.28372, 0.843163, 0.737632)
LOW.   Stop on iteration limit (20)
LOW.   Final point: (1.12503, 1.26458, 0.859033, 0.737314)
INTER. Polytope reduction -> maybe
INTER. New region:  ([1.01420727558, 1.23298821518], [1.02868642912, 1.51839504773], [0.686506209449, 1.00143937496], [0.47924137402, 1.00004536007], [-4.36706419991, 0.0188392431225])
INTER. Inserts node 16 in the space
INTER. Current enclosure of the optimum: [0.0188392431224, 0.0189392431225]
INTER. Current lowest lower bound: -5.05438
INTER. Extracts node 5
INTER. Splits node 5 > 2 sub-nodes
INTER. Node 17: ([-0.948884558489, -0.0726056659118], [0.0345292538123, 0.879322671087], [-1.29535015547, 0.144699673384], [1.17469051849, 2.45661452219], [-33.1946127479, 0.292819607198])
INTER. Contraction -> empty
INTER. Node 18: ([-0.948884558489, -0.0726056659118], [0.0345292538123, 0.879322671087], [0.144699673383, 1.58474950224], [1.17469051849, 2.45661452219], [-33.1946127479, 0.292819607198])
INTER. Contraction -> maybe
INTER. New region: ([-0.934657687488, -0.0726056659118], [0.0345292538123, 0.879322671087], [1.08312899389, 1.56702345115], [1.17469051849, 2.45661452219], [-21.3992152879, 0.0188392431225])
LOW.   Lower bound for node 18 after  propagation: -5.05438
INTER. Lower bound improved for node 18: -2.12805
LOW.   Local solver based on gradient descent
LOW.   Starting point: (-0.503631, 0.456926, 1.32508, 1.81566)
LOW.   Stop on iteration limit (20)
LOW.   Final point: (-0.526652, 0.284335, 1.31922, 1.73748)
INTER. Polytope reduction -> maybe
INTER. New region:  ([-0.870179666667, -0.205812228001], [0.11622929301, 0.744313039661], [1.15220004785, 1.50699759836], [1.35309812432, 2.2243812012], [-21.3992152879, 0.0188392431225])
INTER. Inserts node 18 in the space
INTER. Current enclosure of the optimum: [0.0188392431224, 0.0189392431225]
INTER. Current lowest lower bound: -4.3563
INTER. Extracts node 15
INTER. Splits node 15 > 2 sub-nodes
INTER. Node 19: ([0.825911035431, 1.01420727559], [0.697543893488, 0.863115171309], [0.958737831833, 1.1147554427], [0.92793078229, 1.24319329084], [-1.73198170767, 0.0318798221533])
INTER. Contraction -> maybe
INTER. New region: ([0.835417691293, 0.929569901765], [0.697543893488, 0.863115171309], [1.05670953807, 1.1147554427], [1.11708828741, 1.24319329084], [-0.927025543058, 0.0188392431225])
LOW.   Lower bound for node 19 after  propagation: -0.589998
INTER. Lower bound improved for node 19: -0.0666406
LOW.   Local solver based on gradient descent
LOW.   Starting point: (0.882494, 0.78033, 1.08574, 1.18015)
LOW.   Stop on iteration limit (20)
LOW.   Final point: (0.90441, 0.819394, 1.08286, 1.17291)
INTER. Polytope reduction -> maybe
INTER. New region:  ([0.865708425617, 0.929273292395], [0.753376599956, 0.863115171309], [1.06729157735, 1.10887340272], [1.14120477408, 1.23081017533], [-0.927025543058, 0.0188392431225])
INTER. Inserts node 19 in the space
INTER. Node 20: ([0.825911035431, 1.01420727559], [0.863115171308, 1.02868644913], [0.958737831833, 1.1147554427], [0.92793078229, 1.24319329084], [-1.73198170767, 0.0318798221533])
INTER. Contraction -> maybe
INTER. New region: ([0.929046009761, 1.01420727559], [0.863115171308, 1.02868644913], [0.963304415821, 1.08620934643], [0.92793078229, 1.18014078913], [-0.330973493772, 0.0188392431225])
LOW.   Lower bound for node 20 after  propagation: -0.330973
INTER. Lower bound improved for node 20: -0.206208
LOW.   Local solver based on gradient descent
LOW.   Starting point: (0.971627, 0.945901, 1.02476, 1.05404)
LOW.   Stop on iteration limit (20)
LOW.   Final point: (0.973466, 0.947664, 1.02563, 1.05212)
INTER. New upper bound of the global optimum: 0.00245626
INTER. Refined upper bound: 0.00235626
INTER. New incumbent solution: (0.973467, 0.947665, 1.02563, 1.05212)
INTER. Polytope reduction -> maybe
INTER. New region:  ([0.929220229582, 1.01420727559], [0.863115171308, 1.02868644913], [0.983730212732, 1.07121951404], [0.970026537908, 1.14420062445], [-0.330973493772, 0.0188392431225])
INTER. Inserts node 20 in the space
INTER. Current enclosure of the optimum: [0.0023562540501, 0.00245625405011]
INTER. Current lowest lower bound: -4.35629
INTER. Extracts node 12
INTER. Splits node 12 > 2 sub-nodes
INTER. Node 21: ([0.0391693536584, 0.491273913704], [0.00288917191195, 0.886597313936], [1.11440372219, 1.47291137048], [1.24319329083, 2.15300111881], [-19.6825397313, 0.0318798221533])
INTER. Contraction -> maybe
INTER. New region: ([0.0898153300993, 0.491273913704], [0.00288917191195, 0.236172436677], [1.33693733011, 1.40346207696], [1.78907798761, 1.97103955322], [-6.61733142223, 0.00235625405011])
LOW.   Lower bound for node 21 after  propagation: -4.35629
INTER. Lower bound not found for node 21
LOW.   Local solver based on gradient descent
LOW.   Starting point: (0.290545, 0.119531, 1.3702, 1.88006)
LOW.   Stop on iteration limit (20)
LOW.   Final point: (0.348841, 0.120511, 1.36866, 1.86983)
INTER. Polytope reduction -> empty
INTER. Node 22: ([0.491273913703, 0.943378473749], [0.00288917191195, 0.886597313936], [1.11440372219, 1.47291137048], [1.24319329083, 2.15300111881], [-19.6825397313, 0.0318798221533])
INTER. Contraction -> maybe
INTER. New region: ([0.491273913703, 0.943378473749], [0.236172436676, 0.886597313936], [1.1145528531, 1.33714924105], [1.24319329083, 1.78907798762], [-7.17902795497, 0.00235625405011])
LOW.   Lower bound for node 22 after  propagation: -4.3563
INTER. Lower bound improved for node 22: -1.5755
LOW.   Local solver based on gradient descent
LOW.   Starting point: (0.717327, 0.561385, 1.22586, 1.51614)
LOW.   Stop on iteration limit (20)
LOW.   Final point: (0.737326, 0.542283, 1.21316, 1.47054)
INTER. Polytope reduction -> maybe
INTER. New region:  ([0.511353263799, 0.923952087516], [0.277627944863, 0.845266250402], [1.1146866869, 1.32212929876], [1.24319329083, 1.74486171944], [-7.17902795497, 0.00235625405011])
INTER. Inserts node 22 in the space
INTER. Current enclosure of the optimum: [0.0023562540501, 0.00245625405011]
INTER. Current lowest lower bound: -2.12806
INTER. Extracts node 20
INTER. Splits node 20 > 2 sub-nodes
INTER. Node 23: ([0.929220229582, 1.01420727559], [0.863115171308, 1.02868644913], [0.983730212732, 1.02747486339], [0.970026537908, 1.14420062445], [-0.330973493772, 0.0188392431225])
INTER. Contraction -> maybe
INTER. New region: ([0.951266558924, 1.01420727559], [0.905060012828, 1.02868644913], [0.984892168766, 1.02747486339], [0.970026537908, 1.05585430193], [-0.0865278434139, 0.00235625405011])
LOW.   Lower bound for node 23 after  propagation: -0.0865278
INTER. Lower bound improved for node 23: -0.0480047
LOW.   Local solver based on gradient descent
LOW.   Starting point: (0.982737, 0.966874, 1.00619, 1.01295)
LOW.   Stop on iteration limit (20)
LOW.   Final point: (0.987617, 0.975049, 1.00989, 1.01999)
INTER. New upper bound of the global optimum: 0.00071187
INTER. Refined upper bound: 0.00061187
INTER. New incumbent solution: (0.987617, 0.975049, 1.00989, 1.02)
INTER. Polytope reduction -> maybe
INTER. New region:  ([0.969785162552, 1.01327406944], [0.941667977895, 1.02671377142], [0.986484965863, 1.02747486339], [0.973246267134, 1.05585316145], [-0.0865278434139, 0.00235625405011])
INTER. Inserts node 23 in the space
INTER. Node 24: ([0.929220229582, 1.01420727559], [0.863115171308, 1.02868644913], [1.02747486338, 1.07121951404], [0.970026537908, 1.14420062445], [-0.330973493772, 0.0188392431225])
INTER. Contraction -> maybe
INTER. New region: ([0.929220229582, 0.98693319464], [0.863115171308, 0.973705593319], [1.02747486338, 1.06954425715], [1.05585185405, 1.14420062445], [-0.237675037852, 0.000611869460706])
LOW.   Lower bound for node 24 after  propagation: -0.206208
INTER. Lower bound improved for node 24: -0.0334567
LOW.   Local solver based on gradient descent
LOW.   Starting point: (0.958077, 0.918411, 1.04851, 1.10003)
LOW.   Stop on iteration limit (20)
LOW.   Final point: (0.956322, 0.914212, 1.0442, 1.09007)
INTER. Polytope reduction -> maybe
INTER. New region:  ([0.934063462268, 0.970286042138], [0.872763674082, 0.941667997896], [1.02747486338, 1.06193566281], [1.05585314144, 1.12749402549], [-0.237675037852, 0.000611869460706])
INTER. Inserts node 24 in the space
INTER. Current enclosure of the optimum: [0.000611869460705, 0.000711869460706]
INTER. Current lowest lower bound: -2.12806
INTER. Extracts node 18
INTER. Splits node 18 > 2 sub-nodes
INTER. Node 25: ([-0.870179666667, -0.205812228001], [0.11622929301, 0.744313039661], [1.15220004785, 1.50699759836], [1.35309812432, 1.78873966276], [-21.3992152879, 0.0188392431225])
INTER. Contraction -> empty
INTER. Node 26: ([-0.870179666667, -0.205812228001], [0.11622929301, 0.744313039661], [1.15220004785, 1.50699759836], [1.78873966275, 2.2243812012], [-21.3992152879, 0.0188392431225])
INTER. Contraction -> empty
INTER. Current enclosure of the optimum: [0.000611869460705, 0.000711869460706]
INTER. Current lowest lower bound: -1.5755
INTER. Extracts node 23
INTER. Splits node 23 > 2 sub-nodes
INTER. Node 27: ([0.969785162552, 1.01327406944], [0.941667977895, 1.02671377142], [0.986484965863, 1.02747486339], [0.973246267134, 1.01454971429], [-0.0865278434139, 0.00235625405011])
INTER. Contraction -> maybe
INTER. New region: ([0.987777436274, 1.01325715077], [0.975686295304, 1.02671377142], [0.986533304015, 1.0072794456], [0.973246267134, 1.01454971429], [-0.013171630398, 0.000611869460706])
LOW.   Lower bound for node 27 after  propagation: -0.0131716
INTER. Lower bound improved for node 27: -0.00992899
LOW.   Local solver based on gradient descent
LOW.   Starting point: (1.00052, 1.00121, 0.996907, 0.993898)
LOW.   Stop on iteration limit (20)
LOW.   Final point: (1.00168, 1.00333, 0.998225, 0.996461)
INTER. New upper bound of the global optimum: 1.11482e-05
INTER. Refined upper bound: -8.88518e-05
INTER. New incumbent solution: (1.00168, 1.00334, 0.998225, 0.996462)
INTER. Polytope reduction -> maybe
INTER. New region:  ([0.992261550463, 1.01106167296], [0.984774494535, 1.0222164939], [0.988863399166, 1.00722981497], [0.977906244335, 1.01454971429], [-0.013171630398, 0.000611869460706])
INTER. Inserts node 27 in the space
INTER. Node 28: ([0.969785162552, 1.01327406944], [0.941667977895, 1.02671377142], [0.986484965863, 1.02747486339], [1.01454971428, 1.05585316145], [-0.0865278434139, 0.00235625405011])
INTER. Contraction -> maybe
INTER. New region: ([0.970450506881, 0.996372193097], [0.941667977895, 0.99269545401], [1.00717335302, 1.02747486339], [1.01454971428, 1.05585316145], [-0.0433640512478, -8.88518011575e-05])
LOW.   Lower bound for node 28 after  propagation: -0.043364
INTER. Lower bound improved for node 28: -0.00923561
LOW.   Local solver based on gradient descent
LOW.   Starting point: (0.983412, 0.967182, 1.01733, 1.03521)
LOW.   Stop on iteration limit (20)
LOW.   Final point: (0.983592, 0.967295, 1.01647, 1.03324)
INTER. Polytope reduction -> maybe
INTER. New region:  ([0.975716469181, 0.992339657735], [0.952202462848, 0.984814990317], [1.00722715452, 1.02334273258], [1.01454971428, 1.04721044904], [-0.0433640512478, -8.88518011575e-05])
INTER. Inserts node 28 in the space
INTER. Current enclosure of the optimum: [-8.88518011576e-05, 1.11481988425e-05]
INTER. Current lowest lower bound: -1.5755
INTER. Extracts node 22
INTER. Splits node 22 > 2 sub-nodes
INTER. Node 29: ([0.511353263799, 0.923952087516], [0.277627944863, 0.561447097633], [1.1146866869, 1.32212929876], [1.24319329083, 1.74486171944], [-7.17902795497, 0.00235625405011])
INTER. Contraction -> maybe
INTER. New region: ([0.528464172138, 0.752268905622], [0.277627944863, 0.561447097633], [1.20114072024, 1.32048321421], [1.44386066227, 1.74486171944], [-4.37469747892, -8.88518011575e-05])
LOW.   Lower bound for node 29 after  propagation: -1.5755
INTER. Lower bound improved for node 29: -0.179091
LOW.   Local solver based on gradient descent
LOW.   Starting point: (0.640367, 0.419538, 1.26082, 1.59437)
LOW.   Stop on iteration limit (20)
LOW.   Final point: (0.657786, 0.431256, 1.25452, 1.57374)
INTER. Polytope reduction -> maybe
INTER. New region:  ([0.587751484157, 0.725598016511], [0.349384831638, 0.525683134126], [1.21710323396, 1.29318342647], [1.48178971283, 1.66876079835], [-4.37469747892, -8.88518011575e-05])
INTER. Inserts node 29 in the space
INTER. Node 30: ([0.511353263799, 0.923952087516], [0.561447097632, 0.845266250402], [1.1146866869, 1.32212929876], [1.24319329083, 1.74486171944], [-7.17902795497, 0.00235625405011])
INTER. Contraction -> maybe
INTER. New region: ([0.749586658033, 0.920291612614], [0.561447097632, 0.845266250402], [1.1146866869, 1.20130212101], [1.24319329083, 1.44386066228], [-2.32214858386, -8.88518011575e-05])
LOW.   Lower bound for node 30 after  propagation: -1.5755
INTER. Lower bound improved for node 30: -0.17189
LOW.   Local solver based on gradient descent
LOW.   Starting point: (0.83494, 0.703357, 1.158, 1.34353)
LOW.   Stop on iteration limit (20)
LOW.   Final point: (0.838532, 0.701328, 1.14104, 1.3005)
INTER. Polytope reduction -> maybe
INTER. New region:  ([0.770324397678, 0.862638418286], [0.597854250859, 0.744039452382], [1.12005274693, 1.18678160495], [1.2544479462, 1.40716567223], [-2.32214858386, -8.88518011575e-05])
INTER. Inserts node 30 in the space
INTER. Current enclosure of the optimum: [-8.88518011576e-05, 1.11481988425e-05]
INTER. Current lowest lower bound: -1.45827
INTER. Extracts node 27
INTER. Splits node 27 > 2 sub-nodes
INTER. Node 31: ([0.992261550463, 1.00166161171], [0.984774494535, 1.0222164939], [0.988863399166, 1.00722981497], [0.977906244335, 1.01454971429], [-0.013171630398, 0.000611869460706])
INTER. Contraction -> maybe
INTER. New region: ([0.992367800589, 0.999854413053], [0.984774494535, 0.999674516839], [1.00028461767, 1.00722981497], [1.00061207475, 1.01454971429], [-0.0037000697953, -8.88518011575e-05])
LOW.   Lower bound for node 31 after  propagation: -0.00370007
INTER. Lower bound improved for node 31: -0.00102399
LOW.   Local solver based on gradient descent
LOW.   Starting point: (0.996112, 0.992225, 1.00376, 1.00759)
LOW.   Stop on iteration limit (20)
LOW.   Final point: (0.996266, 0.992566, 1.00369, 1.0074)
INTER. Polytope reduction -> maybe
INTER. New region:  ([0.995466029609, 0.999390413723], [0.990983509869, 0.998788304954], [1.00059876227, 1.00447333833], [1.00119721082, 1.00895766197], [-0.0037000697953, -8.88518011575e-05])
INTER. Inserts node 31 in the space
INTER. Node 32: ([1.0016616117, 1.01106167296], [0.984774494535, 1.0222164939], [0.988863399166, 1.00722981497], [0.977906244335, 1.01454971429], [-0.013171630398, 0.000611869460706])
INTER. Contraction -> maybe
INTER. New region: ([1.0016616117, 1.01102934898], [1.00333426255, 1.0222164939], [0.988894378195, 0.999213343084], [0.977906244335, 0.998390844195], [-0.00708430358748, -8.88518011575e-05])
LOW.   Lower bound for node 32 after  propagation: -0.0070843
INTER. Lower bound improved for node 32: -0.0016608
LOW.   Local solver based on gradient descent
LOW.   Starting point: (1.00635, 1.01278, 0.994054, 0.988149)
LOW.   Stop on iteration limit (20)
LOW.   Final point: (1.00604, 1.01203, 0.994082, 0.98817)
INTER. Polytope reduction -> maybe
INTER. New region:  ([1.00233867265, 1.00744117237], [1.00468320539, 1.01491631486], [0.992493391507, 0.997599606563], [0.985087649877, 0.995233380801], [-0.00708430358748, -8.88518011575e-05])
INTER. Inserts node 32 in the space
INTER. Current enclosure of the optimum: [-8.88518011576e-05, 1.11481988425e-05]
INTER. Current lowest lower bound: -1.45827
INTER. Extracts node 8
INTER. Splits node 8 > 2 sub-nodes
INTER. Node 33: ([1.24004522342, 1.43226044554], [1.53875047855, 2.04292519035], [0.107528708696, 0.840317886416], [0.0369124289207, 0.349004485848], [-12.0051425501, 0.292819607198])
INTER. Contraction -> maybe
INTER. New region: ([1.24004522342, 1.42901549801], [1.53875047855, 2.04292519035], [0.25408654424, 0.594644083252], [0.0482507114499, 0.349004485848], [-9.29037723436, -8.88518011575e-05])
LOW.   Lower bound for node 33 after  propagation: -1.45827
INTER. Lower bound improved for node 33: -0.244488
LOW.   Local solver based on gradient descent
LOW.   Starting point: (1.33454, 1.79084, 0.424366, 0.198628)
LOW.   Stop on iteration limit (20)
LOW.   Final point: (1.33528, 1.78254, 0.459232, 0.209392)
INTER. Polytope reduction -> maybe
INTER. New region:  ([1.26977379057, 1.35778214944], [1.62353796817, 1.84197267235], [0.393108568018, 0.554429464418], [0.168124288633, 0.310072639076], [-9.29037723436, -8.88518011575e-05])
INTER. Inserts node 33 in the space
INTER. Node 34: ([1.24004522342, 1.43226044554], [1.53875047855, 2.04292519035], [0.107528708696, 0.840317886416], [0.349004485847, 0.661096542775], [-12.0051425501, 0.292819607198])
INTER. Contraction -> maybe
INTER. New region: ([1.24004522342, 1.40911227586], [1.53875047855, 1.98547757099], [0.592837939308, 0.693760050872], [0.349004485847, 0.478850671749], [-6.87731989592, -8.88518011575e-05])
LOW.   Lower bound for node 34 after  propagation: -1.45827
INTER. Lower bound not found for node 34
LOW.   Local solver based on gradient descent
LOW.   Starting point: (1.32458, 1.76212, 0.643299, 0.413928)
LOW.   Stop on iteration limit (20)
LOW.   Final point: (1.30083, 1.6874, 0.624189, 0.384775)
INTER. Polytope reduction -> empty
INTER. Current enclosure of the optimum: [-8.88518011576e-05, 1.11481988425e-05]
INTER. Current lowest lower bound: -1.40099
INTER. Extracts node 31
INTER. Splits node 31 > 2 sub-nodes
INTER. Node 35: ([0.995466029609, 0.999390413723], [0.990983509869, 0.994885907412], [1.00059876227, 1.00447333833], [1.00119721082, 1.00895766197], [-0.0037000697953, -8.88518011575e-05])
INTER. Contraction -> maybe
INTER. New region: ([0.995487964255, 0.997451048671], [0.990983509869, 0.994885907412], [1.00214030908, 1.00445870429], [1.00430139128, 1.00895766197], [-0.000749019131961, -8.88518011575e-05])
LOW.   Lower bound for node 35 after  propagation: -0.000749019
INTER. Lower bound not found for node 35
LOW.   Local solver based on gradient descent
LOW.   Starting point: (0.99647, 0.992935, 1.0033, 1.00663)
LOW.   Stop on iteration limit (20)
LOW.   Final point: (0.996867, 0.993755, 1.00314, 1.0063)
INTER. Polytope reduction -> empty
INTER. Node 36: ([0.995466029609, 0.999390413723], [0.994885907411, 0.998788304954], [1.00059876227, 1.00447333833], [1.00119721082, 1.00895766197], [-0.0037000697953, -8.88518011575e-05])
INTER. Contraction -> maybe
INTER. New region: ([0.997443091787, 0.99857087489], [0.994885907411, 0.997038265575], [1.00136776009, 1.00291657152], [1.00274930105, 1.00585348151], [-0.000285447432953, -8.88518011575e-05])
LOW.   Lower bound for node 36 after  propagation: -0.000285447
INTER. Lower bound not found for node 36
LOW.   Local solver based on gradient descent
LOW.   Starting point: (0.998007, 0.995963, 1.00215, 1.00431)
LOW.   Stop on iteration limit (20)
LOW.   Final point: (0.997991, 0.995995, 1.00203, 1.00408)
INTER. Polytope reduction -> empty
INTER. Current enclosure of the optimum: [-8.88518011576e-05, 1.11481988425e-05]
INTER. Current lowest lower bound: -1.40099
INTER. Extracts node 16
INTER. Splits node 16 > 2 sub-nodes
INTER. Node 37: ([1.01420727558, 1.23298821518], [1.02868642912, 1.27354073843], [0.686506209449, 1.00143937496], [0.47924137402, 1.00004536007], [-4.36706419991, 0.0188392431225])
INTER. Contraction -> maybe
INTER. New region: ([1.01420727558, 1.12848473189], [1.02868642912, 1.27354073843], [0.829606283344, 0.999163003833], [0.687562968439, 0.997858425162], [-1.16777790831, -8.88518011575e-05])
LOW.   Lower bound for node 37 after  propagation: -1.16778
INTER. Lower bound improved for node 37: -0.375545
LOW.   Local solver based on gradient descent
LOW.   Starting point: (1.07135, 1.15112, 0.914385, 0.842711)
LOW.   Stop on iteration limit (20)
LOW.   Final point: (1.07028, 1.14562, 0.924423, 0.854228)
INTER. Polytope reduction -> maybe
INTER. New region:  ([1.01420727558, 1.12490263333], [1.02868642912, 1.26523111311], [0.841543422908, 0.98987901261], [0.713233243184, 0.977210727285], [-1.16777790831, -8.88518011575e-05])
INTER. Inserts node 37 in the space
INTER. Node 38: ([1.01420727558, 1.23298821518], [1.27354073842, 1.51839504773], [0.686506209449, 1.00143937496], [0.47924137402, 1.00004536007], [-4.36706419991, 0.0188392431225])
INTER. Contraction -> maybe
INTER. New region: ([1.12805649209, 1.2320209578], [1.27354073842, 1.51839504773], [0.693501242042, 0.89042958943], [0.47924137402, 0.79172376565], [-2.76513203185, -8.88518011575e-05])
LOW.   Lower bound for node 38 after  propagation: -1.40099
INTER. Lower bound improved for node 38: -0.275345
LOW.   Local solver based on gradient descent
LOW.   Starting point: (1.18004, 1.39597, 0.791966, 0.635483)
LOW.   Stop on iteration limit (20)
LOW.   Final point: (1.17225, 1.37183, 0.79777, 0.635392)
INTER. Polytope reduction -> maybe
INTER. New region:  ([1.12917388646, 1.21888683224], [1.27566020491, 1.48393147399], [0.717464736664, 0.853153806025], [0.521854483976, 0.717571294663], [-2.76513203185, -8.88518011575e-05])
INTER. Inserts node 38 in the space
INTER. Current enclosure of the optimum: [-8.88518011576e-05, 1.11481988425e-05]
INTER. Current lowest lower bound: -0.375545
INTER. Extracts node 32
INTER. Splits node 32 > 2 sub-nodes
INTER. Node 39: ([1.00233867265, 1.00744117237], [1.00468320539, 1.00979976013], [0.992493391507, 0.997599606563], [0.985087649877, 0.995233380801], [-0.00708430358748, -8.88518011575e-05])
INTER. Contraction -> maybe
INTER. New region: ([1.00233867265, 1.00488214412], [1.00469445125, 1.00979976013], [0.994570510855, 0.997599606563], [0.989145942246, 0.995191607408], [-0.00100634850135, -8.88518011575e-05])
LOW.   Lower bound for node 39 after  propagation: -0.00100635
INTER. Lower bound not found for node 39
LOW.   Local solver based on gradient descent
LOW.   Starting point: (1.00362, 1.00725, 0.996086, 0.992169)
LOW.   Stop on iteration limit (20)
LOW.   Final point: (1.00358, 1.00724, 0.996324, 0.992653)
INTER. Polytope reduction -> empty
INTER. Node 40: ([1.00233867265, 1.00744117237], [1.00979976012, 1.01491631486], [0.992493391507, 0.997599606563], [0.985087649877, 0.995233380801], [-0.00708430358748, -8.88518011575e-05])
INTER. Contraction -> maybe
INTER. New region: ([1.00486955176, 1.007418556], [1.00979976012, 1.01491631486], [0.992533962687, 0.995593013499], [0.985087649877, 0.991175088432], [-0.0016927306487, -8.88518011575e-05])
LOW.   Lower bound for node 40 after  propagation: -0.00166081
INTER. Lower bound not found for node 40
LOW.   Local solver based on gradient descent
LOW.   Starting point: (1.00615, 1.01236, 0.994064, 0.988132)
LOW.   Stop on iteration limit (20)
LOW.   Final point: (1.00589, 1.01179, 0.994154, 0.988316)
INTER. Polytope reduction -> empty
INTER. Current enclosure of the optimum: [-8.88518011576e-05, 1.11481988425e-05]
INTER. Current lowest lower bound: -0.375545
INTER. Extracts node 37
INTER. Splits node 37 > 2 sub-nodes
INTER. Node 41: ([1.01420727558, 1.12490263333], [1.02868642912, 1.26523111311], [0.841543422908, 0.91571121776], [0.713233243184, 0.977210727285], [-1.16777790831, -8.88518011575e-05])
INTER. Contraction -> maybe
INTER. New region: ([1.04494402403, 1.12473635067], [1.09266971814, 1.26523111311], [0.844997631532, 0.91571121776], [0.713233243184, 0.838015660217], [-0.799502110522, -8.88518011575e-05])
LOW.   Lower bound for node 41 after  propagation: -0.375545
INTER. Lower bound improved for node 41: -0.0419658
LOW.   Local solver based on gradient descent
LOW.   Starting point: (1.08485, 1.17896, 0.880355, 0.775625)
LOW.   Stop on iteration limit (20)
LOW.   Final point: (1.09087, 1.19012, 0.898939, 0.807761)
INTER. Polytope reduction -> maybe
INTER. New region:  ([1.08291907833, 1.11388317974], [1.17415302124, 1.24133629328], [0.863131772964, 0.907326914691], [0.747077128282, 0.823831097864], [-0.799502110522, -8.88518011575e-05])
INTER. Inserts node 41 in the space
INTER. Node 42: ([1.01420727558, 1.12490263333], [1.02868642912, 1.26523111311], [0.915711217759, 0.98987901261], [0.713233243184, 0.977210727285], [-1.16777790831, -8.88518011575e-05])
INTER. Contraction -> maybe
INTER. New region: ([1.01420727558, 1.11791508241], [1.02868642912, 1.24923306697], [0.915711217759, 0.988652210531], [0.838015660216, 0.977210727285], [-0.580289089697, -8.88518011575e-05])
LOW.   Lower bound for node 42 after  propagation: -0.375545
INTER. Lower bound improved for node 42: -0.144747
LOW.   Local solver based on gradient descent
LOW.   Starting point: (1.06607, 1.13896, 0.952182, 0.907614)
LOW.   Stop on iteration limit (20)
LOW.   Final point: (1.05247, 1.10717, 0.945022, 0.892795)
INTER. Polytope reduction -> maybe
INTER. New region:  ([1.01425968683, 1.08182366737], [1.02880972209, 1.16854837187], [0.918993944291, 0.985622196525], [0.84375889861, 0.97095219616], [-0.580289089697, -8.88518011575e-05])
INTER. Inserts node 42 in the space
INTER. Current enclosure of the optimum: [-8.88518011576e-05, 1.11481988425e-05]
INTER. Current lowest lower bound: -0.275346
INTER. Extracts node 28
INTER. Splits node 28 > 2 sub-nodes
INTER. Node 43: ([0.975716469181, 0.984028063458], [0.952202462848, 0.984814990317], [1.00722715452, 1.02334273258], [1.01454971428, 1.04721044904], [-0.0433640512478, -8.88518011575e-05])
INTER. Contraction -> maybe
INTER. New region: ([0.975850203027, 0.984028063458], [0.952202462848, 0.968230073774], [1.01366726599, 1.02327976202], [1.02761400818, 1.04721044904], [-0.0171145498209, -8.88518011575e-05])
LOW.   Lower bound for node 43 after  propagation: -0.00923562
INTER. Lower bound not found for node 43
LOW.   Local solver based on gradient descent
LOW.   Starting point: (0.97994, 0.960217, 1.01848, 1.03742)
LOW.   Stop on iteration limit (20)
LOW.   Final point: (0.981567, 0.963625, 1.01798, 1.03634)
INTER. Polytope reduction -> empty
INTER. Node 44: ([0.984028063457, 0.992339657735], [0.952202462848, 0.984814990317], [1.00722715452, 1.02334273258], [1.01454971428, 1.04721044904], [-0.0433640512478, -8.88518011575e-05])
INTER. Contraction -> maybe
INTER. New region: ([0.984028063457, 0.992339657735], [0.968230073773, 0.984699398932], [1.00722715452, 1.01689310438], [1.01454971428, 1.03414615514], [-0.0111422529917, -8.88518011575e-05])
LOW.   Lower bound for node 44 after  propagation: -0.00923562
INTER. Lower bound not found for node 44
LOW.   Local solver based on gradient descent
LOW.   Starting point: (0.988184, 0.976465, 1.01207, 1.02435)
LOW.   Stop on iteration limit (20)
LOW.   Final point: (0.988463, 0.976924, 1.01154, 1.02322)
INTER. Polytope reduction -> empty
INTER. Current enclosure of the optimum: [-8.88518011576e-05, 1.11481988425e-05]
INTER. Current lowest lower bound: -0.275346
INTER. Extracts node 38
INTER. Splits node 38 > 2 sub-nodes
INTER. Node 45: ([1.12917388646, 1.21888683224], [1.27566020491, 1.48393147399], [0.717464736664, 0.785309271345], [0.521854483976, 0.717571294663], [-2.76513203185, -8.88518011575e-05])
INTER. Contraction -> maybe
INTER. New region: ([1.18312071722, 1.21782929232], [1.40062296635, 1.48393147399], [0.72344542443, 0.785309271345], [0.521854483976, 0.615191853508], [-1.02396158673, -8.88518011575e-05])
LOW.   Lower bound for node 45 after  propagation: -0.275346
INTER. Lower bound not found for node 45
LOW.   Local solver based on gradient descent
LOW.   Starting point: (1.20048, 1.44228, 0.754378, 0.568524)
LOW.   Stop on iteration limit (20)
LOW.   Final point: (1.19457, 1.42529, 0.761314, 0.578512)
INTER. Polytope reduction -> empty
INTER. Node 46: ([1.12917388646, 1.21888683224], [1.27566020491, 1.48393147399], [0.785309271344, 0.853153806025], [0.521854483976, 0.717571294663], [-2.76513203185, -8.88518011575e-05])
INTER. Contraction -> maybe
INTER. New region: ([1.12917388646, 1.18318398101], [1.27566020491, 1.40062296636], [0.785309271344, 0.84799179997], [0.615191853507, 0.717571294663], [-0.894852233528, -8.88518011575e-05])
LOW.   Lower bound for node 46 after  propagation: -0.275346
INTER. Lower bound not found for node 46
LOW.   Local solver based on gradient descent
LOW.   Starting point: (1.15618, 1.33815, 0.816651, 0.666382)
LOW.   Stop on iteration limit (20)
LOW.   Final point: (1.15102, 1.32211, 0.824388, 0.678878)
INTER. Polytope reduction -> empty
INTER. Current enclosure of the optimum: [-8.88518011576e-05, 1.11481988425e-05]
INTER. Current lowest lower bound: -0.244489
INTER. Extracts node 24
INTER. Splits node 24 > 2 sub-nodes
INTER. Node 47: ([0.934063462268, 0.970286042138], [0.872763674082, 0.941667997896], [1.02747486338, 1.06193566281], [1.05585314144, 1.09167358347], [-0.237675037852, 0.000611869460706])
INTER. Contraction -> maybe
INTER. New region: ([0.948975253978, 0.970286042138], [0.900325403607, 0.94130188399], [1.02747486338, 1.0447619275], [1.05585314144, 1.09167358347], [-0.072229543976, -8.88518011575e-05])
LOW.   Lower bound for node 47 after  propagation: -0.0334568
INTER. Lower bound not found for node 47
LOW.   Local solver based on gradient descent
LOW.   Starting point: (0.959631, 0.920814, 1.03612, 1.07377)
LOW.   Stop on iteration limit (20)
LOW.   Final point: (0.963254, 0.927525, 1.03559, 1.07246)
INTER. Polytope reduction -> empty
INTER. Node 48: ([0.934063462268, 0.970286042138], [0.872763674082, 0.941667997896], [1.02747486338, 1.06193566281], [1.09167358346, 1.12749402549], [-0.237675037852, 0.000611869460706])
INTER. Contraction -> maybe
INTER. New region: ([0.934383714265, 0.956229747793], [0.872763674082, 0.914106268371], [1.04467464035, 1.06172514687], [1.09167358346, 1.12749402549], [-0.100914863086, -8.88518011575e-05])
LOW.   Lower bound for node 48 after  propagation: -0.0334568
INTER. Lower bound not found for node 48
LOW.   Local solver based on gradient descent
LOW.   Starting point: (0.945307, 0.893435, 1.0532, 1.10959)
LOW.   Stop on iteration limit (20)
LOW.   Final point: (0.94657, 0.895772, 1.05124, 1.10489)
INTER. Polytope reduction -> empty
INTER. Current enclosure of the optimum: [-8.88518011576e-05, 1.11481988425e-05]
INTER. Current lowest lower bound: -0.244489
INTER. Extracts node 33
INTER. Splits node 33 > 2 sub-nodes
INTER. Node 49: ([1.26977379057, 1.31377797001], [1.62353796817, 1.84197267235], [0.393108568018, 0.554429464418], [0.168124288633, 0.310072639076], [-9.29037723436, -8.88518011575e-05])
INTER. Contraction -> empty
INTER. Node 50: ([1.31377797, 1.35778214944], [1.62353796817, 1.84197267235], [0.393108568018, 0.554429464418], [0.168124288633, 0.310072639076], [-9.29037723436, -8.88518011575e-05])
INTER. Contraction -> maybe
INTER. New region: ([1.32412716258, 1.35673058253], [1.75459879068, 1.84197267235], [0.415438375559, 0.554429464418], [0.168124288633, 0.302927275761], [-2.18625364416, -8.88518011575e-05])
LOW.   Lower bound for node 50 after  propagation: -0.244489
INTER. Lower bound not found for node 50
LOW.   Local solver based on gradient descent
LOW.   Starting point: (1.34043, 1.79829, 0.484934, 0.235526)
LOW.   Stop on iteration limit (20)
LOW.   Final point: (1.33084, 1.77039, 0.499598, 0.24665)
INTER. Polytope reduction -> empty
INTER. Current enclosure of the optimum: [-8.88518011576e-05, 1.11481988425e-05]
INTER. Current lowest lower bound: -0.179091
INTER. Extracts node 42
INTER. Splits node 42 > 2 sub-nodes
INTER. Node 51: ([1.01425968683, 1.08182366737], [1.02880972209, 1.16854837187], [0.918993944291, 0.985622196525], [0.84375889861, 0.907355547385], [-0.580289089697, -8.88518011575e-05])
INTER. Contraction -> maybe
INTER. New region: ([1.04136549078, 1.08084909302], [1.084705182, 1.16854837187], [0.918993944291, 0.952809136133], [0.844060167133, 0.907355547385], [-0.227235527919, -8.88518011575e-05])
LOW.   Lower bound for node 51 after  propagation: -0.144748
INTER. Lower bound improved for node 51: -0.0151558
LOW.   Local solver based on gradient descent
LOW.   Starting point: (1.06111, 1.12663, 0.935902, 0.875708)
LOW.   Stop on iteration limit (20)
LOW.   Final point: (1.05541, 1.11398, 0.94146, 0.886136)
INTER. Polytope reduction -> maybe
INTER. New region:  ([1.04977702891, 1.0699757608], [1.10168430239, 1.14447113938], [0.926165015011, 0.949101551385], [0.857892799118, 0.900772134522], [-0.227235527919, -8.88518011575e-05])
INTER. Inserts node 51 in the space
INTER. Node 52: ([1.01425968683, 1.08182366737], [1.02880972209, 1.16854837187], [0.918993944291, 0.985622196525], [0.907355547384, 0.97095219616], [-0.580289089697, -8.88518011575e-05])
INTER. Contraction -> maybe
INTER. New region: ([1.01425968683, 1.05473084134], [1.02880972209, 1.11265291196], [0.952595000374, 0.985509343019], [0.907355547384, 0.97095219616], [-0.114959064803, -8.88518011575e-05])
LOW.   Lower bound for node 52 after  propagation: -0.114959
INTER. Lower bound improved for node 52: -0.0246889
LOW.   Local solver based on gradient descent
LOW.   Starting point: (1.0345, 1.07074, 0.969053, 0.939154)
LOW.   Stop on iteration limit (20)
LOW.   Final point: (1.02987, 1.0605, 0.969386, 0.939462)
INTER. Polytope reduction -> maybe
INTER. New region:  ([1.01639154618, 1.0456405516], [1.03299105626, 1.0929913606], [0.954162900527, 0.98349900544], [0.910287138438, 0.967324071993], [-0.114959064803, -8.88518011575e-05])
INTER. Inserts node 52 in the space
INTER. Current enclosure of the optimum: [-8.88518011576e-05, 1.11481988425e-05]
INTER. Current lowest lower bound: -0.179091
INTER. Extracts node 29
INTER. Splits node 29 > 2 sub-nodes
INTER. Node 53: ([0.587751484157, 0.725598016511], [0.349384831638, 0.525683134126], [1.21710323396, 1.25514333022], [1.48178971283, 1.66876079835], [-4.37469747892, -8.88518011575e-05])
INTER. Contraction -> maybe
INTER. New region: ([0.592685160458, 0.725598016511], [0.349384831638, 0.524601613775], [1.21710323396, 1.24721465848], [1.48231915435, 1.55657814704], [-2.03566210569, -8.88518011575e-05])
LOW.   Lower bound for node 53 after  propagation: -0.179091
INTER. Lower bound not found for node 53
LOW.   Local solver based on gradient descent
LOW.   Starting point: (0.659142, 0.436994, 1.23216, 1.51945)
LOW.   Stop on iteration limit (20)
LOW.   Final point: (0.691636, 0.477395, 1.23182, 1.51901)
INTER. Polytope reduction -> empty
INTER. Node 54: ([0.587751484157, 0.725598016511], [0.349384831638, 0.525683134126], [1.25514333021, 1.29318342647], [1.48178971283, 1.66876079835], [-4.37469747892, -8.88518011575e-05])
INTER. Contraction -> maybe
INTER. New region: ([0.592786762697, 0.713054552938], [0.349384831638, 0.504668459633], [1.26204348634, 1.27680325182], [1.59397236414, 1.63136658125], [-1.94129853974, -8.88518011575e-05])
LOW.   Lower bound for node 54 after  propagation: -0.179091
INTER. Lower bound not found for node 54
LOW.   Local solver based on gradient descent
LOW.   Starting point: (0.652921, 0.427027, 1.26943, 1.61267)
LOW.   Final point: (0.655675, 0.427815, 1.26224, 1.59479)
INTER. Polytope reduction -> empty
INTER. Current enclosure of the optimum: [-8.88518011576e-05, 1.11481988425e-05]
INTER. Current lowest lower bound: -0.17189
INTER. Extracts node 52
INTER. Splits node 52 > 2 sub-nodes
INTER. Node 55: ([1.01639154618, 1.03101604889], [1.03299105626, 1.0929913606], [0.954162900527, 0.98349900544], [0.910287138438, 0.967324071993], [-0.114959064803, -8.88518011575e-05])
INTER. Contraction -> maybe
INTER. New region: ([1.01639154618, 1.03101604889], [1.0331319522, 1.06314494544], [0.95509625106, 0.98349900544], [0.912240675597, 0.967177083448], [-0.0669948390045, -8.88518011575e-05])
LOW.   Lower bound for node 55 after  propagation: -0.024689
INTER. Lower bound improved for node 55: -0.00506073
LOW.   Local solver based on gradient descent
LOW.   Starting point: (1.02371, 1.04814, 0.969298, 0.939709)
LOW.   Stop on iteration limit (20)
LOW.   Final point: (1.02053, 1.04176, 0.978909, 0.958295)
INTER. Polytope reduction -> maybe
INTER. New region:  ([1.02064384281, 1.0283917228], [1.04171662822, 1.0576464697], [0.968661244244, 0.978496737333], [0.93900149498, 0.95769103795], [-0.0669948390045, -8.88518011575e-05])
INTER. Inserts node 55 in the space
INTER. Node 56: ([1.03101604888, 1.0456405516], [1.03299105626, 1.0929913606], [0.954162900527, 0.98349900544], [0.910287138438, 0.967324071993], [-0.114959064803, -8.88518011575e-05])
INTER. Contraction -> maybe
INTER. New region: ([1.03101604888, 1.04537168209], [1.06314409591, 1.0929913606], [0.954162900527, 0.978862280545], [0.910287138438, 0.957765260904], [-0.0762260857778, -8.88518011575e-05])
LOW.   Lower bound for node 56 after  propagation: -0.024689
INTER. Lower bound not found for node 56
LOW.   Local solver based on gradient descent
LOW.   Starting point: (1.0382, 1.07807, 0.966513, 0.934027)
LOW.   Stop on iteration limit (20)
LOW.   Final point: (1.03356, 1.06833, 0.965314, 0.931704)
INTER. Polytope reduction -> empty
INTER. Current enclosure of the optimum: [-8.88518011576e-05, 1.11481988425e-05]
INTER. Current lowest lower bound: -0.17189
INTER. Extracts node 30
INTER. Splits node 30 > 2 sub-nodes
INTER. Node 57: ([0.770324397678, 0.862638418286], [0.597854250859, 0.744039452382], [1.12005274693, 1.15341717595], [1.2544479462, 1.40716567223], [-2.32214858386, -8.88518011575e-05])
INTER. Contraction -> maybe
INTER. New region: ([0.77372503004, 0.862638418286], [0.597854250859, 0.743348869452], [1.12005274693, 1.15341717595], [1.25510665691, 1.33111450192], [-0.990209006347, -8.88518011575e-05])
LOW.   Lower bound for node 57 after  propagation: -0.17189
INTER. Lower bound not found for node 57
LOW.   Local solver based on gradient descent
LOW.   Starting point: (0.818182, 0.670602, 1.13674, 1.29312)
LOW.   Stop on iteration limit (20)
LOW.   Final point: (0.844486, 0.712155, 1.1328, 1.28955)
INTER. Polytope reduction -> empty
INTER. Node 58: ([0.770324397678, 0.862638418286], [0.597854250859, 0.744039452382], [1.15341717594, 1.18678160495], [1.2544479462, 1.40716567223], [-2.32214858386, -8.88518011575e-05])
INTER. Contraction -> maybe
INTER. New region: ([0.773729051687, 0.861653762404], [0.597854250859, 0.740796878413], [1.15341717594, 1.18589867253], [1.33110600376, 1.40716567223], [-1.06602890913, -8.88518011575e-05])
LOW.   Lower bound for node 58 after  propagation: -0.17189
INTER. Lower bound not found for node 58
LOW.   Local solver based on gradient descent
LOW.   Starting point: (0.817692, 0.669326, 1.16966, 1.36914)
LOW.   Final point: (0.819199, 0.670236, 1.15482, 1.33384)
INTER. Polytope reduction -> empty
INTER. Current enclosure of the optimum: [-8.88518011576e-05, 1.11481988425e-05]
INTER. Current lowest lower bound: -0.0666407
INTER. Extracts node 55
INTER. Splits node 55 > 2 sub-nodes
INTER. Node 59: ([1.02064384281, 1.0283917228], [1.04171662822, 1.04968154897], [0.968661244244, 0.978496737333], [0.93900149498, 0.95769103795], [-0.0669948390045, -8.88518011575e-05])
INTER. Contraction -> maybe
INTER. New region: ([1.02064384281, 1.02449050617], [1.04181460561, 1.04968154897], [0.974857521338, 0.978496737333], [0.950215220762, 0.957333777113], [-0.00893298755312, -8.88518011575e-05])
LOW.   Lower bound for node 59 after  propagation: -0.00506074
INTER. Lower bound not found for node 59
LOW.   Local solver based on gradient descent
LOW.   Starting point: (1.02257, 1.04575, 0.976678, 0.953775)
LOW.   Stop on iteration limit (20)
LOW.   Final point: (1.02205, 1.04435, 0.977542, 0.955503)
INTER. Polytope reduction -> empty
INTER. Node 60: ([1.02064384281, 1.0283917228], [1.04968154896, 1.0576464697], [0.968661244244, 0.978496737333], [0.93900149498, 0.95769103795], [-0.0669948390045, -8.88518011575e-05])
INTER. Contraction -> maybe
INTER. New region: ([1.02447210035, 1.0283615543], [1.04968154896, 1.0576464697], [0.971027179299, 0.974869106083], [0.942739403574, 0.950215220763], [-0.0101643455131, -8.88518011575e-05])
LOW.   Lower bound for node 60 after  propagation: -0.00506074
INTER. Lower bound not found for node 60
LOW.   Local solver based on gradient descent
LOW.   Starting point: (1.02642, 1.05367, 0.972949, 0.946478)
LOW.   Final point: (1.0245, 1.04985, 0.974838, 0.950164)
INTER. Polytope reduction -> empty
INTER. Current enclosure of the optimum: [-8.88518011576e-05, 1.11481988425e-05]
INTER. Current lowest lower bound: -0.0666407
INTER. Extracts node 19
INTER. Splits node 19 > 2 sub-nodes
INTER. Node 61: ([0.865708425617, 0.929273292395], [0.753376599956, 0.863115171309], [1.06729157735, 1.08808249004], [1.14120477408, 1.23081017533], [-0.927025543058, 0.0188392431225])
INTER. Contraction -> maybe
INTER. New region: ([0.905356122827, 0.929273292395], [0.819219742767, 0.863115171309], [1.06805739939, 1.08808249004], [1.14120477408, 1.18438167081], [-0.192353994963, -8.88518011575e-05])
LOW.   Lower bound for node 61 after  propagation: -0.0666407
INTER. Lower bound not found for node 61
LOW.   Local solver based on gradient descent
LOW.   Starting point: (0.917315, 0.841168, 1.07807, 1.1628)
LOW.   Stop on iteration limit (20)
LOW.   Final point: (0.919261, 0.844722, 1.0756, 1.15621)
INTER. Polytope reduction -> empty
INTER. Node 62: ([0.865708425617, 0.929273292395], [0.753376599956, 0.863115171309], [1.08808249003, 1.10887340272], [1.14120477408, 1.23081017533], [-0.927025543058, 0.0188392431225])
INTER. Contraction -> maybe
INTER. New region: ([0.880864157317, 0.905438088642], [0.775324314227, 0.819219742768], [1.08808249003, 1.10887340272], [1.18436480633, 1.23015611148], [-0.246320734376, -8.88518011575e-05])
LOW.   Lower bound for node 62 after  propagation: -0.0666407
INTER. Lower bound not found for node 62
LOW.   Local solver based on gradient descent
LOW.   Starting point: (0.893152, 0.797273, 1.09848, 1.20727)
LOW.   Final point: (0.894044, 0.798892, 1.09706, 1.20386)
INTER. Polytope reduction -> empty
INTER. Current enclosure of the optimum: [-8.88518011576e-05, 1.11481988425e-05]
INTER. Current lowest lower bound: -0.0419659
INTER. Extracts node 51
INTER. Splits node 51 > 2 sub-nodes
INTER. Node 63: ([1.04977702891, 1.05987639486], [1.10168430239, 1.14447113938], [0.926165015011, 0.949101551385], [0.857892799118, 0.900772134522], [-0.227235527919, -8.88518011575e-05])
INTER. Contraction -> maybe
INTER. New region: ([1.04977702891, 1.05987639486], [1.10226663513, 1.12362315863], [0.935626845695, 0.949101551385], [0.875044533279, 0.900495821328], [-0.0573791960321, -8.88518011575e-05])
LOW.   Lower bound for node 63 after  propagation: -0.0151559
INTER. Lower bound not found for node 63
LOW.   Local solver based on gradient descent
LOW.   Starting point: (1.05483, 1.11295, 0.942365, 0.887771)
LOW.   Final point: (1.05156, 1.10589, 0.945741, 0.894216)
INTER. Polytope reduction -> empty
INTER. Node 64: ([1.05987639485, 1.0699757608], [1.10168430239, 1.14447113938], [0.926165015011, 0.949101551385], [0.857892799118, 0.900772134522], [-0.227235527919, -8.88518011575e-05])
INTER. Contraction -> maybe
INTER. New region: ([1.05987639485, 1.06966876019], [1.12361785524, 1.14447113938], [0.926446989607, 0.935658194882], [0.857892799118, 0.87504453328], [-0.0637354582921, -8.88518011575e-05])
LOW.   Lower bound for node 64 after  propagation: -0.0151559
INTER. Lower bound not found for node 64
LOW.   Local solver based on gradient descent
LOW.   Starting point: (1.06478, 1.13405, 0.931053, 0.866469)
LOW.   Final point: (1.0613, 1.12648, 0.93481, 0.8737)
INTER. Polytope reduction -> empty
INTER. Current enclosure of the optimum: [-8.88518011576e-05, 1.11481988425e-05]
INTER. Current lowest lower bound: -0.0419659
INTER. Extracts node 41
INTER. Splits node 41 > 2 sub-nodes
INTER. Node 65: ([1.08291907833, 1.11388317974], [1.17415302124, 1.24133629328], [0.863131772964, 0.907326914691], [0.747077128282, 0.785454113073], [-0.799502110522, -8.88518011575e-05])
INTER. Contraction -> maybe
INTER. New region: ([1.10180449798, 1.11388317974], [1.21446298446, 1.24124971212], [0.864746558363, 0.886748925973], [0.747077128282, 0.785454113073], [-0.19420654765, -8.88518011575e-05])
LOW.   Lower bound for node 65 after  propagation: -0.0419659
INTER. Lower bound not found for node 65
LOW.   Local solver based on gradient descent
LOW.   Starting point: (1.10785, 1.22786, 0.875748, 0.766266)
LOW.   Stop on iteration limit (20)
LOW.   Final point: (1.10399, 1.21639, 0.885566, 0.783211)
INTER. Polytope reduction -> empty
INTER. Node 66: ([1.08291907833, 1.11388317974], [1.17415302124, 1.24133629328], [0.863131772964, 0.907326914691], [0.785454113072, 0.823831097864], [-0.799502110522, -8.88518011575e-05])
INTER. Contraction -> maybe
INTER. New region: ([1.08339259193, 1.10182976816], [1.17415302124, 1.21446298447], [0.886578563718, 0.907326914691], [0.785454113072, 0.822674693551], [-0.167549457598, -8.88518011575e-05])
LOW.   Lower bound for node 66 after  propagation: -0.0419659
INTER. Lower bound not found for node 66
LOW.   Local solver based on gradient descent
LOW.   Starting point: (1.09262, 1.19431, 0.896953, 0.804065)
LOW.   Stop on iteration limit (20)
LOW.   Final point: (1.08741, 1.18159, 0.905039, 0.818425)
INTER. Polytope reduction -> empty
INTER. Current enclosure of the optimum: [-8.88518011576e-05, 1.11481988425e-05]
INTER. Current lowest lower bound: -0.0395483
INTER. Extracts node 7
INTER. Splits node 7 > 2 sub-nodes
INTER. Node 67: ([1.36205797591, 1.42306312574], [1.86222211393, 2.01299457352], [-0.308837957103, -0.113547286625], [0.111517976506, 0.188160672621], [-10.3953249567, 0.292819607198])
INTER. Contraction -> empty
INTER. Node 68: ([1.36205797591, 1.42306312574], [1.86222211393, 2.01299457352], [-0.308837957103, -0.113547286625], [0.18816067262, 0.264803368735], [-10.3953249567, 0.292819607198])
INTER. Contraction -> empty
MAIN.  Stop since the space is empty
MAIN.  Number of nodes processed: 69
MAIN.  Preprocessing time: 0.003s
MAIN.  Solving time: 0.538s
MAIN.  Optimization status: Optimal
MAIN.  Best point found: (1.00168, 1.00333, 0.998225, 0.996461)
MAIN.  Global optimum: [-8.88518011576e-05, 1.11481988425e-05]
