Log file Realpaver 1.0 @ Fri Apr 29 17:56:03 2022

MAIN.  Bound-constrained optimization
MAIN.  Input file > McCormick.bop
MAIN.  Input problem
Variables
   x in [-1.5, 4],
   y in [-3, 4]
;
Objectives
   MIN (sin(x+y)+sqr((x)-y))-<1.5, 1.5>*x+<2.5, 2.5>*y+1
;
MAIN.  Preprocessing
MAIN.  Number of fixed variables: 0
MAIN.  Number of fake variables: 0
MAIN.  Number of inactive constraints: 0
INTER. Scope of the solution: {x, y}
MAIN.  Simplified problem
Variables
   x in [-1.5, 4],
   y in [-3, 4]
;
Objectives
   MIN (sin(x+y)+sqr((x)-y))-<1.5, 1.5>*x+<2.5, 2.5>*y+1
;
MAIN.  Preprocessing
MAIN.  Number of fixed variables: 0
MAIN.  Number of fake variables: 0
MAIN.  Number of inactive constraints: 0
MAIN.  Presolved problem
Variables
   x in [-1.5, 4],
   y in [-3, 4]
;
Objectives
   MIN (sin(x+y)+sqr((x)-y))-<1.5, 1.5>*x+<2.5, 2.5>*y+1
;
INTER. Creates the solving model
LOW.   DAG of presolved problem
fun 0: [0 1 2 3 4 5 6 7 8 9] in 0 bitset: 11
fun 1: [0 1 2 3 10 5 11 12 13 14] in 0 bitset: 11
fun 2: [0 1 2 15 5 16 17 8 18 19 13 20 21 22 23 24 25] in 0 bitset: 111
node 0: x sub[] par[2 5 18] depends on 1
node 1: y sub[] par[2 5 20] depends on 01
node 2: + sub[0 1] par[3 15] depends on 11
node 3: cos sub[2] par[7 12] depends on 11
node 4: 2 sub[] par[6] depends on empty bitset
node 5: - sub[0 1] par[6 11 16] depends on 11
node 6: * sub[4 5] par[7] depends on 11
node 7: + sub[3 6] par[9] depends on 11
node 8: 1.5 sub[] par[9 18] depends on empty bitset
node 9: - sub[7 8] par[] depends on 11
node 10: -2 sub[] par[11] depends on empty bitset
node 11: * sub[10 5] par[12] depends on 11
node 12: + sub[3 11] par[14] depends on 11
node 13: 2.5 sub[] par[14 20] depends on empty bitset
node 14: + sub[12 13] par[] depends on 11
node 15: sin sub[2] par[17] depends on 11
node 16: sqr sub[5] par[17] depends on 11
node 17: + sub[15 16] par[19] depends on 11
node 18: * sub[8 0] par[19] depends on 1
node 19: - sub[17 18] par[21] depends on 11
node 20: * sub[13 1] par[21] depends on 01
node 21: + sub[19 20] par[23] depends on 11
node 22: 1 sub[] par[23] depends on empty bitset
node 23: + sub[21 22] par[25] depends on 11
node 24: _z sub[] par[25] depends on 001
node 25: - sub[23 24] par[] depends on 111

INTER. Boundary variable: y
INTER. Boundary variable: x
MAIN.  Branch-and-bound algorithm
INTER. Node 0: ([-1.5, 4], [-3, 4], [-inf, inf])
LOW.   Lower bound for node 0 after  propagation: -13.5
INTER. Lower bound not found for node 0
LOW.   Local solver based on gradient descent
LOW.   Starting point: (1.25, 0.5)
LOW.   Stop on tolerance on the norm of the gradient (0.001)
LOW.   Final point: (-0.547431, -1.54743)
INTER. New upper bound of the global optimum: -1.91322
INTER. Refined upper bound: -1.91361
INTER. New incumbent solution: (-0.547431, -1.54743)
INTER. Upper bound: -1.91322
INTER. Lower bound: -13.5
INTER. Tolerance on the global optimum: 0.0001 (rel)
INTER. Time limit: 100s
INTER. Node limit: 100000
INTER. Current enclosure of the optimum: [-1.91360554309, -1.91322286024]
INTER. Current lowest lower bound: -13.5
INTER. Extracts node 0
INTER. Splits node 0 > 2 sub-nodes
INTER. Node 1: ([-1.5, 1.25], [-3, 4], [-13.5, -1.91322286024])
INTER. Contraction -> maybe
INTER. New region: ([-1.5, 1.08628289683], [-3, -0.304150570682], [-9.11972134488, -1.91360554308])
LOW.   Lower bound for node 1 after  propagation: -9.11972
INTER. Lower bound improved for node 1: -3.30652
LOW.   Local solver based on gradient descent
LOW.   Starting point: (-0.206858, -1.65207)
LOW.   Stop on tolerance on the norm of the gradient (0.001)
LOW.   Final point: (-0.54696, -1.54696)
INTER. Polytope reduction -> maybe
INTER. New region:  ([-1.5, 1.08628289683], [-3, -0.304150570682], [-9.11972134488, -1.91360554308])
INTER. Inserts node 1 in the space
INTER. Node 2: ([1.25, 4], [-3, 4], [-13.5, -1.91322286024])
INTER. Contraction -> empty
INTER. Current enclosure of the optimum: [-1.91360554309, -1.91322286024]
INTER. Current lowest lower bound: -3.30652
INTER. Extracts node 1
INTER. Splits node 1 > 2 sub-nodes
INTER. Node 3: ([-1.5, 1.08628289683], [-3, -1.65207528534], [-9.11972134488, -1.91360554308])
INTER. Contraction -> empty
INTER. Node 4: ([-1.5, 1.08628289683], [-1.65207528535, -0.304150570682], [-9.11972134488, -1.91360554308])
INTER. Contraction -> maybe
INTER. New region: ([-0.782133825879, -0.465486841269], [-1.65207528535, -1.33542830073], [-3.09946247649, -1.91360554308])
LOW.   Lower bound for node 4 after  propagation: -3.09946
INTER. Lower bound improved for node 4: -1.93037
LOW.   Local solver based on gradient descent
LOW.   Starting point: (-0.62381, -1.49375)
LOW.   Stop on tolerance on the norm of the gradient (0.001)
LOW.   Final point: (-0.547488, -1.54749)
INTER. Polytope reduction -> maybe
INTER. New region:  ([-0.56230545275, -0.54711691181], [-1.56230545275, -1.54711691181], [-3.09946247649, -1.91360554308])
INTER. Inserts node 4 in the space
INTER. Current enclosure of the optimum: [-1.91360554309, -1.91322286024]
INTER. Current lowest lower bound: -1.93037
INTER. Extracts node 4
INTER. Splits node 4 > 2 sub-nodes
INTER. Node 5: ([-0.56230545275, -0.554711182279], [-1.56230545275, -1.54711691181], [-3.09946247649, -1.91360554308])
INTER. Contraction -> empty
INTER. Node 6: ([-0.55471118228, -0.54711691181], [-1.56230545275, -1.54711691181], [-3.09946247649, -1.91360554308])
INTER. Contraction -> maybe
INTER. New region: ([-0.550224459007, -0.54711691181], [-1.55015462, -1.54711691181], [-1.92702265174, -1.91360554308])
LOW.   Lower bound for node 6 after  propagation: -1.92702
INTER. Lower bound not found for node 6
LOW.   Local solver based on gradient descent
LOW.   Starting point: (-0.548671, -1.54864)
LOW.   Final point: (-0.548671, -1.54864)
INTER. Polytope reduction -> empty
MAIN.  Stop since the space is empty
MAIN.  Number of nodes processed: 7
MAIN.  Preprocessing time: 0.001s
MAIN.  Solving time: 0.04s
MAIN.  Optimization status: Optimal
MAIN.  Best point found: (-0.547431, -1.54743)
MAIN.  Global optimum: [-1.91360554309, -1.91322286024]
