Log file Realpaver 1.0 @ Fri Apr 29 17:56:31 2022

MAIN.  Bound-constrained optimization
MAIN.  Input file > Rastrigin.bop
MAIN.  Input problem
Variables
   x1 in [-5.12000000001, 5.12000000001],
   x2 in [-5.12000000001, 5.12000000001]
;
Objectives
   MIN ((20+sqr(x1))-10*cos([6.28318530717, 6.28318530718]*x1)+sqr(x2))-10*cos([6.28318530717, 6.28318530718]*x2)
;
MAIN.  Preprocessing
MAIN.  Number of fixed variables: 0
MAIN.  Number of fake variables: 0
MAIN.  Number of inactive constraints: 0
INTER. Scope of the solution: {x1, x2}
MAIN.  Simplified problem
Variables
   x1 in [-5.12000000001, 5.12000000001],
   x2 in [-5.12000000001, 5.12000000001]
;
Objectives
   MIN ((20+sqr(x1))-10*cos([6.28318530717, 6.28318530718]*x1)+sqr(x2))-10*cos([6.28318530717, 6.28318530718]*x2)
;
MAIN.  Preprocessing
MAIN.  Number of fixed variables: 0
MAIN.  Number of fake variables: 0
MAIN.  Number of inactive constraints: 0
MAIN.  Presolved problem
Variables
   x1 in [-5.02557217744, 5.02557217744],
   x2 in [-5.02557217744, 5.02557217744]
;
Objectives
   MIN ((20+sqr(x1))-10*cos([6.28318530717, 6.28318530718]*x1)+sqr(x2))-10*cos([6.28318530717, 6.28318530718]*x2)
;
INTER. Creates the solving model
LOW.   DAG of presolved problem
fun 0: [0 1 2 3 4 5 6 7 8 9 10] in 0 bitset: 1
fun 1: [0 11 12 3 4 5 13 14 15 16 17] in 0 bitset: 01
fun 2: [18 1 19 20 3 5 6 21 22 23 11 24 25 13 26 27 28 29 30] in 0 bitset: 111
node 0: 2 sub[] par[2 12] depends on empty bitset
node 1: x1 sub[] par[2 6 19] depends on 1
node 2: * sub[0 1] par[10] depends on 1
node 3: 10 sub[] par[9 16 22 27] depends on empty bitset
node 4: [-6.28318530718, -6.28318530717] sub[] par[8 15] depends on empty bitset
node 5: [6.28318530717, 6.28318530718] sub[] par[6 13] depends on empty bitset
node 6: * sub[5 1] par[7 21] depends on 1
node 7: sin sub[6] par[8] depends on 1
node 8: * sub[4 7] par[9] depends on 1
node 9: * sub[3 8] par[10] depends on 1
node 10: - sub[2 9] par[] depends on 1
node 11: x2 sub[] par[12 13 24] depends on 01
node 12: * sub[0 11] par[17] depends on 01
node 13: * sub[5 11] par[14 26] depends on 01
node 14: sin sub[13] par[15] depends on 01
node 15: * sub[4 14] par[16] depends on 01
node 16: * sub[3 15] par[17] depends on 01
node 17: - sub[12 16] par[] depends on 01
node 18: 20 sub[] par[20] depends on empty bitset
node 19: sqr sub[1] par[20] depends on 1
node 20: + sub[18 19] par[23] depends on 1
node 21: cos sub[6] par[22] depends on 1
node 22: * sub[3 21] par[23] depends on 1
node 23: - sub[20 22] par[25] depends on 1
node 24: sqr sub[11] par[25] depends on 01
node 25: + sub[23 24] par[28] depends on 11
node 26: cos sub[13] par[27] depends on 01
node 27: * sub[3 26] par[28] depends on 01
node 28: - sub[25 27] par[30] depends on 11
node 29: _z sub[] par[30] depends on 001
node 30: - sub[28 29] par[] depends on 111

INTER. Interior variable: x2
INTER. Interior variable: x1
MAIN.  Branch-and-bound algorithm
INTER. Node 0: ([-5.02557217744, 5.02557217744], [-5.02557217744, 5.02557217744], [-inf, inf])
LOW.   Lower bound for node 0 after  propagation: -0
INTER. Lower bound not found for node 0
LOW.   Local solver based on gradient descent
LOW.   Starting point: (0, 0)
LOW.   Stop on tolerance on the norm of the gradient (0.001)
LOW.   Final point: (0, 0)
INTER. New upper bound of the global optimum: 3.55272e-15
INTER. Refined upper bound: -9.99999e-05
INTER. New incumbent solution: (0, 0)
INTER. Upper bound: 3.55272e-15
INTER. Lower bound: -0
INTER. Tolerance on the global optimum: 0.000100001 (rel)
INTER. Time limit: 100s
INTER. Node limit: 100000
INTER. Current enclosure of the optimum: [-9.99999999965e-05, 3.55271367881e-15]
INTER. Current lowest lower bound: -0
INTER. Extracts node 0
INTER. Splits node 0 > 2 sub-nodes
INTER. Node 1: ([-5.02557217744, 0], [-5.02557217744, 5.02557217744], [-0, 3.55271367881e-15])
INTER. Node fathomed by BB theorem
INTER. Node 2: ([0, 5.02557217744], [-5.02557217744, 5.02557217744], [-0, 3.55271367881e-15])
INTER. Node fathomed by BB theorem
MAIN.  Stop since the space is empty
MAIN.  Number of nodes processed: 3
MAIN.  Preprocessing time: 0.00100001s
MAIN.  Solving time: 0.0240001s
MAIN.  Optimization status: Optimal
MAIN.  Best point found: (0, 0)
MAIN.  Global optimum: [-9.99999999965e-05, 3.55271367881e-15]
