Log file Realpaver 1.0 @ Fri Apr 29 17:56:42 2022

MAIN.  Bound-constrained optimization
MAIN.  Input file > Schwefel.bop
MAIN.  Input problem
Variables
   x1 in [-500, 500],
   x2 in [-500, 500],
   x3 in [-500, 500]
;
Objectives
   MIN ((([1256.94869999, 1256.94870001])-x1*sin(sqrt(abs(x1))))-x2*sin(sqrt(abs(x2))))-x3*sin(sqrt(abs(x3)))
;
MAIN.  Preprocessing
MAIN.  Number of fixed variables: 0
MAIN.  Number of fake variables: 0
MAIN.  Number of inactive constraints: 0
INTER. Scope of the solution: {x1, x2, x3}
MAIN.  Simplified problem
Variables
   x1 in [-500, 500],
   x2 in [-500, 500],
   x3 in [-500, 500]
;
Objectives
   MIN ((([1256.94869999, 1256.94870001])-x1*sin(sqrt(abs(x1))))-x2*sin(sqrt(abs(x2))))-x3*sin(sqrt(abs(x3)))
;
MAIN.  Preprocessing
MAIN.  Number of fixed variables: 0
MAIN.  Number of fake variables: 0
MAIN.  Number of inactive constraints: 0
MAIN.  Presolved problem
Variables
   x1 in [-500, 500],
   x2 in [-500, 500],
   x3 in [-500, 500]
;
Objectives
   MIN ((([1256.94869999, 1256.94870001])-x1*sin(sqrt(abs(x1))))-x2*sin(sqrt(abs(x2))))-x3*sin(sqrt(abs(x3)))
;
INTER. Creates the solving model
LOW.   DAG of presolved problem
fun 0: [0 1 2 3 4 5 6 7 8 9 10 11 12] in 0 bitset: 1
fun 1: [13 14 15 16 4 17 18 19 20 21 22 23 24] in 0 bitset: 01
fun 2: [25 26 27 28 4 29 30 31 32 33 34 35 36] in 0 bitset: 001
fun 3: [37 0 1 2 3 38 39 13 14 15 16 40 41 25 26 27 28 42 43 44 45] in 0 bitset: 1111
node 0: x1 sub[] par[1 5 10 38] depends on 1
node 1: abs sub[0] par[2] depends on 1
node 2: sqrt sub[1] par[3 7 8] depends on 1
node 3: sin sub[2] par[11 38] depends on 1
node 4: 0.5 sub[] par[6 18 30] depends on empty bitset
node 5: sgn sub[0] par[6] depends on 1
node 6: * sub[4 5] par[7] depends on 1
node 7: / sub[6 2] par[9] depends on 1
node 8: cos sub[2] par[9] depends on 1
node 9: * sub[7 8] par[10] depends on 1
node 10: * sub[9 0] par[11] depends on 1
node 11: + sub[3 10] par[12] depends on 1
node 12: - sub[11] par[] depends on 1
node 13: x2 sub[] par[14 17 22 40] depends on 01
node 14: abs sub[13] par[15] depends on 01
node 15: sqrt sub[14] par[16 19 20] depends on 01
node 16: sin sub[15] par[23 40] depends on 01
node 17: sgn sub[13] par[18] depends on 01
node 18: * sub[4 17] par[19] depends on 01
node 19: / sub[18 15] par[21] depends on 01
node 20: cos sub[15] par[21] depends on 01
node 21: * sub[19 20] par[22] depends on 01
node 22: * sub[21 13] par[23] depends on 01
node 23: + sub[16 22] par[24] depends on 01
node 24: - sub[23] par[] depends on 01
node 25: x3 sub[] par[26 29 34 42] depends on 001
node 26: abs sub[25] par[27] depends on 001
node 27: sqrt sub[26] par[28 31 32] depends on 001
node 28: sin sub[27] par[35 42] depends on 001
node 29: sgn sub[25] par[30] depends on 001
node 30: * sub[4 29] par[31] depends on 001
node 31: / sub[30 27] par[33] depends on 001
node 32: cos sub[27] par[33] depends on 001
node 33: * sub[31 32] par[34] depends on 001
node 34: * sub[33 25] par[35] depends on 001
node 35: + sub[28 34] par[36] depends on 001
node 36: - sub[35] par[] depends on 001
node 37: [1256.94869999, 1256.94870001] sub[] par[39] depends on empty bitset
node 38: * sub[0 3] par[39] depends on 1
node 39: - sub[37 38] par[41] depends on 1
node 40: * sub[13 16] par[41] depends on 01
node 41: - sub[39 40] par[43] depends on 11
node 42: * sub[25 28] par[43] depends on 001
node 43: - sub[41 42] par[45] depends on 111
node 44: _z sub[] par[45] depends on 0001
node 45: - sub[43 44] par[] depends on 1111

INTER. Boundary variable: x3
INTER. Boundary variable: x1
INTER. Boundary variable: x2
MAIN.  Branch-and-bound algorithm
INTER. Node 0: ([-500, 500], [-500, 500], [-500, 500], [-inf, inf])
LOW.   Lower bound for node 0 after  propagation: -243.051
INTER. Lower bound not found for node 0
LOW.   Local solver based on gradient descent
LOW.   Starting point: (0, 0, 0)
LOW.   Stop on tolerance on the norm of the gradient (0.001)
LOW.   Final point: (0, 0, 0)
INTER. New upper bound of the global optimum: 1256.95
INTER. Refined upper bound: 1256.7
INTER. New incumbent solution: (0, 0, 0)
INTER. Upper bound: 1256.95
INTER. Lower bound: -243.051
INTER. Tolerance on the global optimum: 0.0001 (rel)
INTER. Time limit: 100s
INTER. Node limit: 100000
INTER. Current enclosure of the optimum: [1256.69733539, 1256.94870001]
INTER. Current lowest lower bound: -243.051
INTER. Extracts node 0
INTER. Splits node 0 > 2 sub-nodes
INTER. Node 1: ([-500, 0], [-500, 500], [-500, 500], [-243.051300001, 1256.94870001])
INTER. Contraction -> maybe
INTER. New region: ([-500, 0], [-500, 422.624693508], [-500, 500], [-242.61562937, 1256.6973354])
LOW.   Lower bound for node 1 after  propagation: -242.616
INTER. Lower bound not improved for node 1 (-242.615)
LOW.   Local solver based on gradient descent
LOW.   Starting point: (-250, -38.6876, 0)
LOW.   Stop on iteration limit (20)
LOW.   Final point: (-302.35, -25.8894, 0)
INTER. New upper bound of the global optimum: 932.325
INTER. Refined upper bound: 932.139
INTER. New incumbent solution: (-302.35, -25.8894, 0)
INTER. Polytope reduction -> maybe
INTER. New region:  ([-500, 0], [-500, 422.624693508], [-500, 500], [-242.61562937, 1256.6973354])
INTER. Inserts node 1 in the space
INTER. Node 2: ([0, 500], [-500, 500], [-500, 500], [-243.051300001, 1256.94870001])
INTER. Contraction -> maybe
INTER. New region: ([0, 500], [-500, 422.624693508], [-500, 500], [-242.61562937, 932.138625193])
LOW.   Lower bound for node 2 after  propagation: -242.616
INTER. Lower bound not improved for node 2 (-242.615)
LOW.   Local solver based on gradient descent
LOW.   Starting point: (250, -38.6876, 0)
LOW.   Stop on iteration limit (20)
LOW.   Final point: (203.941, -25.8894, 0)
INTER. Polytope reduction -> maybe
INTER. New region:  ([0, 500], [-500, 422.624693508], [-500, 500], [-242.61562937, 932.138625193])
INTER. Inserts node 2 in the space
INTER. Current enclosure of the optimum: [932.138625192, 932.325071563]
INTER. Current lowest lower bound: -242.616
INTER. Extracts node 1
INTER. Splits node 1 > 2 sub-nodes
INTER. Node 3: ([-500, 0], [-500, -38.687653246], [-500, 500], [-242.61562937, 1256.6973354])
INTER. Contraction -> maybe
INTER. New region: ([-500, 0], [-500, -38.687653246], [-500, 422.624693508], [-242.61562937, 932.138625193])
LOW.   Lower bound for node 3 after  propagation: -242.616
INTER. Lower bound not improved for node 3 (-242.615)
LOW.   Local solver based on gradient descent
LOW.   Starting point: (-250, -269.343, -38.6876)
LOW.   Stop on iteration limit (20)
LOW.   Final point: (-302.35, -302.44, -25.8894)
INTER. New upper bound of the global optimum: 631.781
INTER. Refined upper bound: 631.655
INTER. New incumbent solution: (-302.35, -302.44, -25.8894)
INTER. Polytope reduction -> maybe
INTER. New region:  ([-500, 0], [-500, -38.687653246], [-500, 422.624693508], [-242.61562937, 932.138625193])
INTER. Inserts node 3 in the space
INTER. Node 4: ([-500, 0], [-38.6876532461, 422.624693508], [-500, 500], [-242.61562937, 1256.6973354])
INTER. Contraction -> maybe
INTER. New region: ([-500, 0], [-38.6876532461, 422.624693508], [-500, 420.968805757], [-165.240322877, 631.655090821])
LOW.   Lower bound for node 4 after  propagation: -165.24
INTER. Lower bound not improved for node 4 (-165.24)
LOW.   Local solver based on gradient descent
LOW.   Starting point: (-250, 191.969, -39.5155)
LOW.   Stop on iteration limit (20)
LOW.   Final point: (-302.35, 203.789, -25.8905)
INTER. Polytope reduction -> maybe
INTER. New region:  ([-500, 0], [-38.6876532461, 422.624693508], [-500, 420.968805757], [-165.240322877, 631.655090821])
INTER. Inserts node 4 in the space
INTER. Current enclosure of the optimum: [631.65509082, 631.781434474]
INTER. Current lowest lower bound: -242.616
INTER. Extracts node 2
INTER. Splits node 2 > 2 sub-nodes
INTER. Node 5: ([0, 500], [-500, -38.687653246], [-500, 500], [-242.61562937, 932.138625193])
INTER. Contraction -> maybe
INTER. New region: ([0, 500], [-500, -38.687653246], [-500, 422.624693508], [-242.61562937, 631.655090821])
LOW.   Lower bound for node 5 after  propagation: -242.616
INTER. Lower bound not improved for node 5 (-242.615)
LOW.   Local solver based on gradient descent
LOW.   Starting point: (250, -269.343, -38.6876)
LOW.   Stop on iteration limit (20)
LOW.   Final point: (203.941, -302.44, -25.8894)
INTER. Polytope reduction -> maybe
INTER. New region:  ([0, 500], [-500, -38.687653246], [-500, 422.624693508], [-242.61562937, 631.655090821])
INTER. Inserts node 5 in the space
INTER. Node 6: ([0, 500], [-38.6876532461, 422.624693508], [-500, 500], [-242.61562937, 932.138625193])
INTER. Contraction -> maybe
INTER. New region: ([0, 500], [-38.6876532461, 422.624693508], [-500, 420.968805757], [-165.240322877, 631.655090821])
LOW.   Lower bound for node 6 after  propagation: -165.24
INTER. Lower bound not improved for node 6 (-165.24)
LOW.   Local solver based on gradient descent
LOW.   Starting point: (250, 191.969, -39.5155)
LOW.   Stop on iteration limit (20)
LOW.   Final point: (203.941, 203.789, -25.8905)
INTER. Polytope reduction -> maybe
INTER. New region:  ([0, 500], [-38.6876532461, 422.624693508], [-500, 420.968805757], [-165.240322877, 631.655090821])
INTER. Inserts node 6 in the space
INTER. Current enclosure of the optimum: [631.65509082, 631.781434474]
INTER. Current lowest lower bound: -242.616
INTER. Extracts node 3
INTER. Splits node 3 > 2 sub-nodes
INTER. Node 7: ([-500, 0], [-500, -38.687653246], [-500, -38.687653246], [-242.61562937, 932.138625193])
INTER. Contraction -> maybe
INTER. New region: ([-500, 0], [-500, -38.687653246], [-500, -38.687653246], [-43.5990125608, 631.655090821])
LOW.   Lower bound for node 7 after  propagation: -43.599
INTER. Lower bound not improved for node 7 (-43.599)
LOW.   Local solver based on gradient descent
LOW.   Starting point: (-250, -269.344, -269.344)
LOW.   Stop on iteration limit (20)
LOW.   Final point: (-302.35, -302.44, -302.44)
INTER. New upper bound of the global optimum: 355.321
INTER. Refined upper bound: 355.25
INTER. New incumbent solution: (-302.35, -302.44, -302.44)
INTER. Polytope reduction -> maybe
INTER. New region:  ([-500, 0], [-500, -38.687653246], [-500, -38.687653246], [-43.5990125608, 631.655090821])
INTER. Inserts node 7 in the space
INTER. Node 8: ([-500, 0], [-500, -38.687653246], [-38.6876532461, 422.624693508], [-242.61562937, 932.138625193])
INTER. Contraction -> maybe
INTER. New region: ([-302.526262236, -302.523081092], [-500, -258.343724956], [193.861585355, 422.624693508], [33.7762939313, 355.249679937])
LOW.   Lower bound for node 8 after  propagation: 33.7763
INTER. Lower bound improved for node 8: 33.7795
LOW.   Local solver based on gradient descent
LOW.   Starting point: (-302.525, -379.172, 308.243)
LOW.   Stop on iteration limit (20)
LOW.   Final point: (-302.525, -302.844, 416.245)
INTER. New upper bound of the global optimum: 239.698
INTER. Refined upper bound: 239.65
INTER. New incumbent solution: (-302.525, -302.844, 416.245)
INTER. Polytope reduction -> maybe
INTER. New region:  ([-302.524935638, -302.524935581], [-500, -258.343724956], [193.861585355, 422.624693508], [33.7762939313, 355.249679937])
INTER. Inserts node 8 in the space
INTER. Current enclosure of the optimum: [239.649586096, 239.697520808]
INTER. Current lowest lower bound: -242.616
INTER. Extracts node 5
INTER. Splits node 5 > 2 sub-nodes
INTER. Node 9: ([0, 500], [-500, -38.687653246], [-500, -38.687653246], [-242.61562937, 631.655090821])
INTER. Contraction -> maybe
INTER. New region: ([420.967104564, 420.969843982], [-500, -98.3135004656], [-500, -98.3135004656], [-162.036913438, 239.649586097])
LOW.   Lower bound for node 9 after  propagation: -162.037
INTER. Lower bound improved for node 9: -162.034
LOW.   Local solver based on gradient descent
LOW.   Starting point: (420.968, -299.157, -299.157)
LOW.   Stop on iteration limit (20)
LOW.   Final point: (420.969, -302.518, -302.518)
INTER. New upper bound of the global optimum: 236.877
INTER. Refined upper bound: 236.829
INTER. New incumbent solution: (420.969, -302.518, -302.518)
INTER. Polytope reduction -> maybe
INTER. New region:  ([420.968738683, 420.968751499], [-500, -98.3135004656], [-500, -98.3135004656], [-162.036913438, 239.649586097])
INTER. Inserts node 9 in the space
INTER. Node 10: ([0, 500], [-500, -38.687653246], [-38.6876532461, 422.624693508], [-242.61562937, 631.655090821])
INTER. Contraction -> maybe
INTER. New region: ([420.967104564, 420.969843982], [-500, -258.342515541], [193.861585256, 422.624693508], [-84.6616069454, 236.82935045])
LOW.   Lower bound for node 10 after  propagation: -84.6616
INTER. Lower bound improved for node 10: -84.6589
LOW.   Local solver based on gradient descent
LOW.   Starting point: (420.968, -379.171, 308.243)
LOW.   Stop on iteration limit (20)
LOW.   Final point: (420.969, -302.844, 416.245)
INTER. New upper bound of the global optimum: 121.259
INTER. Refined upper bound: 121.235
INTER. New incumbent solution: (420.969, -302.844, 416.245)
INTER. Polytope reduction -> maybe
INTER. New region:  ([420.968738683, 420.968751499], [-500, -258.342515541], [193.861585256, 422.624693508], [-84.6616069454, 236.82935045])
INTER. Inserts node 10 in the space
INTER. Current enclosure of the optimum: [121.234936274, 121.259185687]
INTER. Current lowest lower bound: -165.24
INTER. Extracts node 10
INTER. Splits node 10 > 2 sub-nodes
INTER. Node 11: ([420.968738683, 420.968745092], [-500, -258.342515541], [193.861585256, 422.624693508], [-84.6616069454, 236.82935045])
INTER. Contraction -> empty
INTER. Node 12: ([420.968745091, 420.968751499], [-500, -258.342515541], [193.861585256, 422.624693508], [-84.6616069454, 236.82935045])
INTER. Contraction -> maybe
INTER. New region: ([420.968746256, 420.968746409], [-302.524997036, -302.52488464], [420.968702215, 420.968796584], [118.438167064, 118.438578532])
LOW.   Lower bound for node 12 after  propagation: 118.438
INTER. Lower bound improved for node 12: 118.438
LOW.   Local solver based on gradient descent
LOW.   Starting point: (420.969, -302.525, 420.969)
LOW.   Stop on tolerance on the norm of the gradient (0.001)
LOW.   Final point: (420.969, -302.525, 420.969)
INTER. New upper bound of the global optimum: 118.438
INTER. Refined upper bound: 118.415
INTER. New incumbent solution: (420.969, -302.525, 420.969)
INTER. Polytope reduction -> maybe
INTER. New region:  ([420.968746256, 420.968746409], [-302.524997036, -302.52488464], [420.968702215, 420.968796584], [118.438167064, 118.438578532])
INTER. Inserts node 12 in the space
INTER. Current enclosure of the optimum: [118.414687491, 118.438372798]
INTER. Current lowest lower bound: -165.24
INTER. Extracts node 4
INTER. Splits node 4 > 2 sub-nodes
INTER. Node 13: ([-500, 0], [-38.6876532461, 422.624693508], [-500, -39.5155971217], [-165.240322877, 631.655090821])
INTER. Contraction -> empty
INTER. Node 14: ([-500, 0], [-38.6876532461, 422.624693508], [-39.5155971218, 420.968805757], [-165.240322877, 631.655090821])
INTER. Contraction -> empty
INTER. Current enclosure of the optimum: [118.414687491, 118.438372798]
INTER. Current lowest lower bound: -165.24
INTER. Extracts node 9
INTER. Splits node 9 > 2 sub-nodes
INTER. Node 15: ([420.968738683, 420.968745092], [-500, -98.3135004656], [-500, -98.3135004656], [-162.036913438, 239.649586097])
INTER. Contraction -> empty
INTER. Node 16: ([420.968745091, 420.968751499], [-500, -98.3135004656], [-500, -98.3135004656], [-162.036913438, 239.649586097])
INTER. Contraction -> empty
INTER. Current enclosure of the optimum: [118.414687491, 118.438372798]
INTER. Current lowest lower bound: -165.24
INTER. Extracts node 6
INTER. Splits node 6 > 2 sub-nodes
INTER. Node 17: ([0, 500], [-38.6876532461, 422.624693508], [-500, -39.5155971217], [-165.240322877, 631.655090821])
INTER. Contraction -> empty
INTER. Node 18: ([0, 500], [-38.6876532461, 422.624693508], [-39.5155971218, 420.968805757], [-165.240322877, 631.655090821])
INTER. Contraction -> maybe
INTER. New region: ([420.967104564, 420.969843982], [420.968213369, 420.969126338], [420.968716179, 420.968805757], [-0.00368576359324, 0.00376265603444])
LOW.   Lower bound for node 18 after  propagation: -0.00368576
INTER. Lower bound improved for node 18: 3.81632e-05
LOW.   Local solver based on gradient descent
LOW.   Starting point: (420.968, 420.969, 420.969)
LOW.   Stop on tolerance on the norm of the gradient (0.001)
LOW.   Final point: (420.969, 420.969, 420.969)
INTER. New upper bound of the global optimum: 3.81884e-05
INTER. Refined upper bound: -6.18116e-05
INTER. New incumbent solution: (420.969, 420.969, 420.969)
INTER. Polytope reduction -> maybe
INTER. New region:  ([420.968738687, 420.968751499], [420.968743863, 420.968748143], [420.968716179, 420.968805757], [-0.00368576359324, 0.00376265603444])
INTER. Inserts node 18 in the space
INTER. Current enclosure of the optimum: [-6.18116508487e-05, 3.81883491514e-05]
INTER. Current lowest lower bound: -43.599
INTER. Extracts node 7
INTER. Splits node 7 > 2 sub-nodes
INTER. Node 19: ([-500, -250], [-500, -38.687653246], [-500, -38.687653246], [-43.5990125608, 631.655090821])
INTER. Contraction -> empty
INTER. Node 20: ([-250, 0], [-500, -38.687653246], [-500, -38.687653246], [-43.5990125608, 631.655090821])
INTER. Contraction -> empty
MAIN.  Stop since the space is empty
MAIN.  Number of nodes processed: 21
MAIN.  Preprocessing time: 0.00700001s
MAIN.  Solving time: 0.0930001s
MAIN.  Optimization status: Optimal
MAIN.  Best point found: (420.969, 420.969, 420.969)
MAIN.  Global optimum: [-6.18116508487e-05, 3.81883491514e-05]
