Log file Realpaver 1.0 @ Fri Apr 29 17:57:17 2022

MAIN.  Bound-constrained optimization
MAIN.  Input file > Shubert.bop
MAIN.  Input problem
Variables
   x1 in [-5.12000000001, 5.12000000001],
   x2 in [-5.12000000001, 5.12000000001]
;
Objectives
   MIN (cos(2*x1+1)+2*cos(3*x1+2)+3*cos(4*x1+3)+4*cos(5*x1+4)+5*cos(6*x1+5))*(cos(2*x2+1)+2*cos(3*x2+2)+3*cos(4*x2+3)+4*cos(5*x2+4)+5*cos(6*x2+5))
;
MAIN.  Preprocessing
MAIN.  Number of fixed variables: 0
MAIN.  Number of fake variables: 0
MAIN.  Number of inactive constraints: 0
INTER. Scope of the solution: {x1, x2}
MAIN.  Simplified problem
Variables
   x1 in [-5.12000000001, 5.12000000001],
   x2 in [-5.12000000001, 5.12000000001]
;
Objectives
   MIN (cos(2*x1+1)+2*cos(3*x1+2)+3*cos(4*x1+3)+4*cos(5*x1+4)+5*cos(6*x1+5))*(cos(2*x2+1)+2*cos(3*x2+2)+3*cos(4*x2+3)+4*cos(5*x2+4)+5*cos(6*x2+5))
;
MAIN.  Preprocessing
MAIN.  Number of fixed variables: 0
MAIN.  Number of fake variables: 0
MAIN.  Number of inactive constraints: 0
MAIN.  Presolved problem
Variables
   x1 in [-5.12000000001, 5.12000000001],
   x2 in [-5.12000000001, 5.12000000001]
;
Objectives
   MIN (cos(2*x1+1)+2*cos(3*x1+2)+3*cos(4*x1+3)+4*cos(5*x1+4)+5*cos(6*x1+5))*(cos(2*x2+1)+2*cos(3*x2+2)+3*cos(4*x2+3)+4*cos(5*x2+4)+5*cos(6*x2+5))
;
INTER. Creates the solving model
LOW.   DAG of presolved problem
fun 0: [0 1 2 3 4 5 6 7 8 9 10 11 12 13 14 15 16 17 18 19 20 21 22 23 24 25 26 27 28 29 30 31 32 33 34 35 36 37 38 39 40 41 42 43 44 45 46 47 48 49 50 51 52 53 54 55 56 57 58 59 60 61 62 63 64] in 0 bitset: 11
fun 1: [0 1 40 41 4 42 65 66 8 9 44 45 67 68 69 70 16 17 49 50 71 72 73 74 24 25 54 55 75 76 77 78 32 33 59 60 79 80 81 82 2 3 5 83 10 11 84 85 86 18 19 87 88 89 26 27 90 91 92 34 35 93 94 95 96] in 0 bitset: 11
fun 2: [1 2 3 4 5 83 9 10 11 84 85 86 17 18 19 87 88 89 25 26 27 90 91 92 33 34 35 93 94 95 40 41 42 43 44 45 46 47 48 49 50 51 52 53 54 55 56 57 58 59 60 61 62 63 97 98 99] in 0 bitset: 111
node 0: -2 sub[] par[7 66] depends on empty bitset
node 1: 2 sub[] par[3 11 14 41 45 47 69 85] depends on empty bitset
node 2: x1 sub[] par[3 10 18 26 34] depends on 1
node 3: * sub[1 2] par[5] depends on 1
node 4: 1 sub[] par[5 42] depends on empty bitset
node 5: + sub[3 4] par[6 83] depends on 1
node 6: sin sub[5] par[7] depends on 1
node 7: * sub[0 6] par[15] depends on 1
node 8: -3 sub[] par[13 68] depends on empty bitset
node 9: 3 sub[] par[10 19 22 44 50 52 73 88] depends on empty bitset
node 10: * sub[9 2] par[11] depends on 1
node 11: + sub[10 1] par[12 84] depends on 1
node 12: sin sub[11] par[13] depends on 1
node 13: * sub[8 12] par[14] depends on 1
node 14: * sub[1 13] par[15] depends on 1
node 15: + sub[7 14] par[23] depends on 1
node 16: -4 sub[] par[21 72] depends on empty bitset
node 17: 4 sub[] par[18 27 30 49 55 57 77 91] depends on empty bitset
node 18: * sub[17 2] par[19] depends on 1
node 19: + sub[18 9] par[20 87] depends on 1
node 20: sin sub[19] par[21] depends on 1
node 21: * sub[16 20] par[22] depends on 1
node 22: * sub[9 21] par[23] depends on 1
node 23: + sub[15 22] par[31] depends on 1
node 24: -5 sub[] par[29 76] depends on empty bitset
node 25: 5 sub[] par[26 35 38 54 60 62 81 94] depends on empty bitset
node 26: * sub[25 2] par[27] depends on 1
node 27: + sub[26 17] par[28 90] depends on 1
node 28: sin sub[27] par[29] depends on 1
node 29: * sub[24 28] par[30] depends on 1
node 30: * sub[17 29] par[31] depends on 1
node 31: + sub[23 30] par[39] depends on 1
node 32: -6 sub[] par[37 80] depends on empty bitset
node 33: 6 sub[] par[34 59] depends on empty bitset
node 34: * sub[33 2] par[35] depends on 1
node 35: + sub[34 25] par[36 93] depends on 1
node 36: sin sub[35] par[37] depends on 1
node 37: * sub[32 36] par[38] depends on 1
node 38: * sub[25 37] par[39] depends on 1
node 39: + sub[31 38] par[64] depends on 1
node 40: x2 sub[] par[41 44 49 54 59] depends on 01
node 41: * sub[1 40] par[42] depends on 01
node 42: + sub[41 4] par[43 65] depends on 01
node 43: cos sub[42] par[48] depends on 01
node 44: * sub[9 40] par[45] depends on 01
node 45: + sub[44 1] par[46 67] depends on 01
node 46: cos sub[45] par[47] depends on 01
node 47: * sub[1 46] par[48] depends on 01
node 48: + sub[43 47] par[53] depends on 01
node 49: * sub[17 40] par[50] depends on 01
node 50: + sub[49 9] par[51 71] depends on 01
node 51: cos sub[50] par[52] depends on 01
node 52: * sub[9 51] par[53] depends on 01
node 53: + sub[48 52] par[58] depends on 01
node 54: * sub[25 40] par[55] depends on 01
node 55: + sub[54 17] par[56 75] depends on 01
node 56: cos sub[55] par[57] depends on 01
node 57: * sub[17 56] par[58] depends on 01
node 58: + sub[53 57] par[63] depends on 01
node 59: * sub[33 40] par[60] depends on 01
node 60: + sub[59 25] par[61 79] depends on 01
node 61: cos sub[60] par[62] depends on 01
node 62: * sub[25 61] par[63] depends on 01
node 63: + sub[58 62] par[64 97] depends on 01
node 64: * sub[39 63] par[] depends on 11
node 65: sin sub[42] par[66] depends on 01
node 66: * sub[0 65] par[70] depends on 01
node 67: sin sub[45] par[68] depends on 01
node 68: * sub[8 67] par[69] depends on 01
node 69: * sub[1 68] par[70] depends on 01
node 70: + sub[66 69] par[74] depends on 01
node 71: sin sub[50] par[72] depends on 01
node 72: * sub[16 71] par[73] depends on 01
node 73: * sub[9 72] par[74] depends on 01
node 74: + sub[70 73] par[78] depends on 01
node 75: sin sub[55] par[76] depends on 01
node 76: * sub[24 75] par[77] depends on 01
node 77: * sub[17 76] par[78] depends on 01
node 78: + sub[74 77] par[82] depends on 01
node 79: sin sub[60] par[80] depends on 01
node 80: * sub[32 79] par[81] depends on 01
node 81: * sub[25 80] par[82] depends on 01
node 82: + sub[78 81] par[96] depends on 01
node 83: cos sub[5] par[86] depends on 1
node 84: cos sub[11] par[85] depends on 1
node 85: * sub[1 84] par[86] depends on 1
node 86: + sub[83 85] par[89] depends on 1
node 87: cos sub[19] par[88] depends on 1
node 88: * sub[9 87] par[89] depends on 1
node 89: + sub[86 88] par[92] depends on 1
node 90: cos sub[27] par[91] depends on 1
node 91: * sub[17 90] par[92] depends on 1
node 92: + sub[89 91] par[95] depends on 1
node 93: cos sub[35] par[94] depends on 1
node 94: * sub[25 93] par[95] depends on 1
node 95: + sub[92 94] par[96 97] depends on 1
node 96: * sub[82 95] par[] depends on 11
node 97: * sub[95 63] par[99] depends on 11
node 98: _z sub[] par[99] depends on 001
node 99: - sub[97 98] par[] depends on 111

INTER. Boundary variable: x2
INTER. Boundary variable: x1
MAIN.  Branch-and-bound algorithm
INTER. Node 0: ([-5.12000000001, 5.12000000001], [-5.12000000001, 5.12000000001], [-inf, inf])
LOW.   Lower bound for node 0 after  propagation: -225
INTER. Lower bound not found for node 0
LOW.   Local solver based on gradient descent
LOW.   Starting point: (0, 0)
LOW.   Stop on tolerance on the norm of the gradient (0.001)
LOW.   Final point: (0.57334, 0.57334)
INTER. New upper bound of the global optimum: 2.49838e-12
INTER. Refined upper bound: -9.99999e-05
INTER. New incumbent solution: (0.573341, 0.573341)
INTER. Upper bound: 2.49838e-12
INTER. Lower bound: -225
INTER. Tolerance on the global optimum: 0.000100001 (rel)
INTER. Time limit: 100s
INTER. Node limit: 100000
INTER. Current enclosure of the optimum: [-9.99999975017e-05, 2.49837229718e-12]
INTER. Current lowest lower bound: -225
INTER. Extracts node 0
INTER. Splits node 0 > 2 sub-nodes
INTER. Node 1: ([-5.12000000001, 0], [-5.12000000001, 5.12000000001], [-225, 2.49837229718e-12])
INTER. Contraction -> maybe
INTER. New region: ([-5.12000000001, 0], [-5.12000000001, 5.12000000001], [-225, -9.99999975016e-05])
LOW.   Lower bound for node 1 after  propagation: -225
INTER. Lower bound not improved for node 1 (-225)
LOW.   Local solver based on gradient descent
LOW.   Starting point: (-2.56, 0)
LOW.   Final point: (-3.09625, 1.8607)
INTER. New upper bound of the global optimum: -7.81446
INTER. Refined upper bound: -7.81603
INTER. New incumbent solution: (-3.09625, 1.8607)
INTER. Polytope reduction -> maybe
INTER. New region:  ([-5.12000000001, 0], [-5.12000000001, 5.12000000001], [-225, -9.99999975016e-05])
INTER. Inserts node 1 in the space
INTER. Node 2: ([0, 5.12000000001], [-5.12000000001, 5.12000000001], [-225, 2.49837229718e-12])
INTER. Contraction -> maybe
INTER. New region: ([0, 5.12000000001], [-5.12000000001, 5.12000000001], [-225, -7.81602677938])
LOW.   Lower bound for node 2 after  propagation: -225
INTER. Lower bound not improved for node 2 (-225)
LOW.   Local solver based on gradient descent
LOW.   Starting point: (2.56, 0)
LOW.   Final point: (2.30709, -0.20411)
INTER. New upper bound of the global optimum: -24.8611
INTER. Refined upper bound: -24.8661
INTER. New incumbent solution: (2.30709, -0.20411)
INTER. Polytope reduction -> maybe
INTER. New region:  ([0, 5.12000000001], [-5.12000000001, 5.12000000001], [-225, -7.81602677938])
INTER. Inserts node 2 in the space
INTER. Current enclosure of the optimum: [-24.8661068874, -24.8611341632]
INTER. Current lowest lower bound: -225
INTER. Extracts node 2
INTER. Splits node 2 > 2 sub-nodes
INTER. Node 3: ([0, 5.12000000001], [-5.12000000001, 0], [-225, -7.81602677938])
INTER. Contraction -> maybe
INTER. New region: ([0, 5.12000000001], [-5.12000000001, 0], [-225, -24.8661068873])
LOW.   Lower bound for node 3 after  propagation: -225
INTER. Lower bound not improved for node 3 (-225)
LOW.   Local solver based on gradient descent
LOW.   Starting point: (2.56, -2.56)
LOW.   Final point: (2.3145, -2.54366)
INTER. Polytope reduction -> maybe
INTER. New region:  ([0, 5.12000000001], [-5.12000000001, 0], [-225, -24.8661068873])
INTER. Inserts node 3 in the space
INTER. Node 4: ([0, 5.12000000001], [0, 5.12000000001], [-225, -7.81602677938])
INTER. Contraction -> maybe
INTER. New region: ([0, 5.12000000001], [0, 5.12000000001], [-225, -24.8661068873])
LOW.   Lower bound for node 4 after  propagation: -225
INTER. Lower bound not improved for node 4 (-225)
LOW.   Local solver based on gradient descent
LOW.   Starting point: (2.56, 2.56)
LOW.   Stop on tolerance on the norm of the gradient (0.001)
LOW.   Final point: (2.55189, 2.55189)
INTER. Polytope reduction -> maybe
INTER. New region:  ([0, 5.12000000001], [0, 5.12000000001], [-225, -24.8661068873])
INTER. Inserts node 4 in the space
INTER. Current enclosure of the optimum: [-24.8661068874, -24.8611341632]
INTER. Current lowest lower bound: -225
INTER. Extracts node 1
INTER. Splits node 1 > 2 sub-nodes
INTER. Node 5: ([-5.12000000001, 0], [-5.12000000001, 0], [-225, -9.99999975016e-05])
INTER. Contraction -> maybe
INTER. New region: ([-5.12000000001, 0], [-5.12000000001, 0], [-225, -24.8661068873])
LOW.   Lower bound for node 5 after  propagation: -225
INTER. Lower bound not improved for node 5 (-225)
LOW.   Local solver based on gradient descent
LOW.   Starting point: (-2.56, -2.56)
LOW.   Stop on tolerance on the norm of the gradient (0.001)
LOW.   Final point: (-4.23649, -4.23649)
INTER. Polytope reduction -> maybe
INTER. New region:  ([-5.12000000001, 0], [-5.12000000001, 0], [-225, -24.8661068873])
INTER. Inserts node 5 in the space
INTER. Node 6: ([-5.12000000001, 0], [0, 5.12000000001], [-225, -9.99999975016e-05])
INTER. Contraction -> maybe
INTER. New region: ([-5.12000000001, 0], [0, 5.12000000001], [-225, -24.8661068873])
LOW.   Lower bound for node 6 after  propagation: -225
INTER. Lower bound not improved for node 6 (-225)
LOW.   Local solver based on gradient descent
LOW.   Starting point: (-2.56, 2.56)
LOW.   Final point: (-2.54366, 2.3145)
INTER. Polytope reduction -> maybe
INTER. New region:  ([-5.12000000001, 0], [0, 5.12000000001], [-225, -24.8661068873])
INTER. Inserts node 6 in the space
INTER. Current enclosure of the optimum: [-24.8661068874, -24.8611341632]
INTER. Current lowest lower bound: -225
INTER. Extracts node 3
INTER. Splits node 3 > 2 sub-nodes
INTER. Node 7: ([0, 2.56000000001], [-5.12000000001, 0], [-225, -24.8661068873])
INTER. Contraction -> maybe
INTER. New region: ([0, 2.56000000001], [-5.12000000001, 0], [-225, -24.8661068873])
LOW.   Lower bound for node 7 after  propagation: -225
INTER. Lower bound not improved for node 7 (-225)
LOW.   Local solver based on gradient descent
LOW.   Starting point: (1.28, -2.56)
LOW.   Final point: (1.28, -2.56)
INTER. Polytope reduction -> maybe
INTER. New region:  ([0, 2.56000000001], [-5.12000000001, 0], [-225, -24.8661068873])
INTER. Inserts node 7 in the space
INTER. Node 8: ([2.56, 5.12000000001], [-5.12000000001, 0], [-225, -24.8661068873])
INTER. Contraction -> maybe
INTER. New region: ([2.56, 5.12000000001], [-5.12000000001, 0], [-225, -24.8661068873])
LOW.   Lower bound for node 8 after  propagation: -225
INTER. Lower bound not improved for node 8 (-225)
LOW.   Local solver based on gradient descent
LOW.   Starting point: (3.84, -2.56)
LOW.   Final point: (3.84, -2.56)
INTER. Polytope reduction -> maybe
INTER. New region:  ([2.56, 5.12000000001], [-5.12000000001, 0], [-225, -24.8661068873])
INTER. Inserts node 8 in the space
INTER. Current enclosure of the optimum: [-24.8661068874, -24.8611341632]
INTER. Current lowest lower bound: -225
INTER. Extracts node 4
INTER. Splits node 4 > 2 sub-nodes
INTER. Node 9: ([0, 2.56000000001], [0, 5.12000000001], [-225, -24.8661068873])
INTER. Contraction -> maybe
INTER. New region: ([0, 2.56000000001], [0, 5.12000000001], [-224.800721978, -24.8661068873])
LOW.   Lower bound for node 9 after  propagation: -224.801
INTER. Lower bound not improved for node 9 (-224.801)
LOW.   Local solver based on gradient descent
LOW.   Starting point: (1.28, 2.56)
LOW.   Stop on tolerance on the norm of the gradient (0.001)
LOW.   Final point: (1.32, 2.78593)
INTER. Polytope reduction -> maybe
INTER. New region:  ([0, 2.56000000001], [0, 5.12000000001], [-224.800721978, -24.8661068873])
INTER. Inserts node 9 in the space
INTER. Node 10: ([2.56, 5.12000000001], [0, 5.12000000001], [-225, -24.8661068873])
INTER. Contraction -> maybe
INTER. New region: ([2.56, 5.12000000001], [0, 5.12000000001], [-225, -24.8661068873])
LOW.   Lower bound for node 10 after  propagation: -225
INTER. Lower bound not improved for node 10 (-225)
LOW.   Local solver based on gradient descent
LOW.   Starting point: (3.84, 2.56)
LOW.   Stop on tolerance on the norm of the gradient (0.001)
LOW.   Final point: (3.77231, 2.29923)
INTER. Polytope reduction -> maybe
INTER. New region:  ([2.56, 5.12000000001], [0, 5.12000000001], [-225, -24.8661068873])
INTER. Inserts node 10 in the space
INTER. Current enclosure of the optimum: [-24.8661068874, -24.8611341632]
INTER. Current lowest lower bound: -225
INTER. Extracts node 10
INTER. Splits node 10 > 2 sub-nodes
INTER. Node 11: ([2.56, 5.12000000001], [0, 2.56000000001], [-225, -24.8661068873])
INTER. Contraction -> maybe
INTER. New region: ([2.56, 5.12000000001], [0, 2.56000000001], [-220.147755999, -24.8661068873])
LOW.   Lower bound for node 11 after  propagation: -220.148
INTER. Lower bound not improved for node 11 (-220.148)
LOW.   Local solver based on gradient descent
LOW.   Starting point: (3.84, 1.28)
LOW.   Final point: (3.84, 1.28)
INTER. Polytope reduction -> maybe
INTER. New region:  ([2.56, 5.12000000001], [0, 2.56000000001], [-220.147755999, -24.8661068873])
INTER. Inserts node 11 in the space
INTER. Node 12: ([2.56, 5.12000000001], [2.56, 5.12000000001], [-225, -24.8661068873])
INTER. Contraction -> maybe
INTER. New region: ([2.56, 5.12000000001], [2.56, 5.12000000001], [-220.342909329, -24.8661068873])
LOW.   Lower bound for node 12 after  propagation: -220.343
INTER. Lower bound not improved for node 12 (-220.343)
LOW.   Local solver based on gradient descent
LOW.   Starting point: (3.84, 3.84)
LOW.   Stop on iteration limit (20)
LOW.   Final point: (3.99025, 3.99025)
INTER. Polytope reduction -> maybe
INTER. New region:  ([2.56, 5.12000000001], [2.56, 5.12000000001], [-220.342909329, -24.8661068873])
INTER. Inserts node 12 in the space
INTER. Current enclosure of the optimum: [-24.8661068874, -24.8611341632]
INTER. Current lowest lower bound: -225
INTER. Extracts node 5
INTER. Splits node 5 > 2 sub-nodes
INTER. Node 13: ([-5.12000000001, -2.56], [-5.12000000001, 0], [-225, -24.8661068873])
INTER. Contraction -> maybe
INTER. New region: ([-5.12000000001, -2.56], [-5.12000000001, 0], [-224.984412525, -24.8661068873])
LOW.   Lower bound for node 13 after  propagation: -224.984
INTER. Lower bound not improved for node 13 (-224.984)
LOW.   Local solver based on gradient descent
LOW.   Starting point: (-3.84, -2.56)
LOW.   Final point: (-3.84, -2.56)
INTER. Polytope reduction -> maybe
INTER. New region:  ([-5.12000000001, -2.56], [-5.12000000001, 0], [-224.984412525, -24.8661068873])
INTER. Inserts node 13 in the space
INTER. Node 14: ([-2.56000000001, 0], [-5.12000000001, 0], [-225, -24.8661068873])
INTER. Contraction -> maybe
INTER. New region: ([-2.56000000001, 0], [-5.12000000001, 0], [-225, -24.8661068873])
LOW.   Lower bound for node 14 after  propagation: -225
INTER. Lower bound not improved for node 14 (-225)
LOW.   Local solver based on gradient descent
LOW.   Starting point: (-1.28, -2.56)
LOW.   Stop on tolerance on the norm of the gradient (0.001)
LOW.   Final point: (-0.800321, -1.42513)
INTER. New upper bound of the global optimum: -186.731
INTER. Refined upper bound: -186.768
INTER. New incumbent solution: (-0.800321, -1.42513)
INTER. Polytope reduction -> maybe
INTER. New region:  ([-2.56000000001, 0], [-5.12000000001, 0], [-225, -24.8661068873])
INTER. Inserts node 14 in the space
INTER. Current enclosure of the optimum: [-186.768258748, -186.730908831]
INTER. Current lowest lower bound: -225
INTER. Extracts node 14
INTER. Splits node 14 > 2 sub-nodes
INTER. Node 15: ([-2.56000000001, 0], [-5.12000000001, -2.56], [-225, -24.8661068873])
INTER. Contraction -> empty
INTER. Node 16: ([-2.56000000001, 0], [-2.56000000001, 0], [-225, -24.8661068873])
INTER. Contraction -> maybe
INTER. New region: ([-1.42951453067, -0.79069220496], [-1.42997716166, -0.79160806675], [-189.682913638, -186.768258747])
LOW.   Lower bound for node 16 after  propagation: -189.683
INTER. Lower bound not improved for node 16 (-189.683)
LOW.   Local solver based on gradient descent
LOW.   Starting point: (-1.1101, -1.11079)
LOW.   Final point: (-1.12358, -1.12508)
INTER. Polytope reduction -> maybe
INTER. New region:  ([-1.42951453067, -0.79069220496], [-1.42997716166, -0.79160806675], [-189.682913638, -186.768258747])
INTER. Inserts node 16 in the space
INTER. Current enclosure of the optimum: [-186.768258748, -186.730908831]
INTER. Current lowest lower bound: -225
INTER. Extracts node 6
INTER. Splits node 6 > 2 sub-nodes
INTER. Node 17: ([-5.12000000001, -2.56], [0, 5.12000000001], [-225, -24.8661068873])
INTER. Contraction -> maybe
INTER. New region: ([-5.12000000001, -2.56], [0, 4.09600000001], [-222.169167412, -186.768258747])
LOW.   Lower bound for node 17 after  propagation: -222.169
INTER. Lower bound not improved for node 17 (-222.169)
LOW.   Local solver based on gradient descent
LOW.   Starting point: (-3.84, 2.048)
LOW.   Final point: (-3.81914, 0.000827287)
INTER. Polytope reduction -> maybe
INTER. New region:  ([-5.12000000001, -2.56], [0, 4.09600000001], [-222.169167412, -186.768258747])
INTER. Inserts node 17 in the space
INTER. Node 18: ([-2.56000000001, 0], [0, 5.12000000001], [-225, -24.8661068873])
INTER. Contraction -> maybe
INTER. New region: ([-2.56000000001, 0], [0, 4.86264067825], [-222.169167412, -186.768258747])
LOW.   Lower bound for node 18 after  propagation: -222.169
INTER. Lower bound not improved for node 18 (-222.169)
LOW.   Local solver based on gradient descent
LOW.   Starting point: (-1.28, 2.43132)
LOW.   Final point: (-1.42522, 2.30555)
INTER. Polytope reduction -> maybe
INTER. New region:  ([-2.56000000001, 0], [0, 4.86264067825], [-222.169167412, -186.768258747])
INTER. Inserts node 18 in the space
INTER. Current enclosure of the optimum: [-186.768258748, -186.730908831]
INTER. Current lowest lower bound: -225
INTER. Extracts node 18
INTER. Splits node 18 > 2 sub-nodes
INTER. Node 19: ([-2.56000000001, 0], [0, 2.43132033913], [-222.169167412, -186.768258747])
INTER. Contraction -> empty
INTER. Node 20: ([-2.56000000001, 0], [2.43132033912, 4.86264067825], [-222.169167412, -186.768258747])
INTER. Contraction -> maybe
INTER. New region: ([-0.802980159262, -0.797669099902], [4.85772542366, 4.85840730909], [-187.240408622, -186.768258747])
LOW.   Lower bound for node 20 after  propagation: -187.24
INTER. Lower bound not found for node 20
LOW.   Local solver based on gradient descent
LOW.   Starting point: (-0.800325, 4.85806)
LOW.   Stop on tolerance on the norm of the gradient (0.001)
LOW.   Final point: (-0.800321, 4.85806)
INTER. Polytope reduction -> empty
INTER. Current enclosure of the optimum: [-186.768258748, -186.730908831]
INTER. Current lowest lower bound: -225
INTER. Extracts node 7
INTER. Splits node 7 > 2 sub-nodes
INTER. Node 21: ([0, 2.56000000001], [-5.12000000001, -2.56], [-225, -24.8661068873])
INTER. Contraction -> empty
INTER. Node 22: ([0, 2.56000000001], [-2.56000000001, 0], [-225, -24.8661068873])
INTER. Contraction -> empty
INTER. Current enclosure of the optimum: [-186.768258748, -186.730908831]
INTER. Current lowest lower bound: -225
INTER. Extracts node 11
INTER. Splits node 11 > 2 sub-nodes
INTER. Node 23: ([2.56, 3.84], [0, 2.56000000001], [-220.147755999, -24.8661068873])
INTER. Contraction -> empty
INTER. Node 24: ([3.83999999999, 5.12000000001], [0, 2.56000000001], [-220.147755999, -24.8661068873])
INTER. Contraction -> empty
INTER. Current enclosure of the optimum: [-186.768258748, -186.730908831]
INTER. Current lowest lower bound: -225
INTER. Extracts node 8
INTER. Splits node 8 > 2 sub-nodes
INTER. Node 25: ([2.56, 5.12000000001], [-5.12000000001, -2.56], [-225, -24.8661068873])
INTER. Contraction -> empty
INTER. Node 26: ([2.56, 5.12000000001], [-2.56000000001, 0], [-225, -24.8661068873])
INTER. Contraction -> maybe
INTER. New region: ([4.85349403386, 4.86258991972], [-0.809328282709, -0.791225692713], [-189.512808708, -186.768258747])
LOW.   Lower bound for node 26 after  propagation: -189.513
INTER. Lower bound not found for node 26
LOW.   Local solver based on gradient descent
LOW.   Starting point: (4.85804, -0.800277)
LOW.   Stop on tolerance on the norm of the gradient (0.001)
LOW.   Final point: (4.85806, -0.800321)
INTER. Polytope reduction -> empty
INTER. Current enclosure of the optimum: [-186.768258748, -186.730908831]
INTER. Current lowest lower bound: -224.984
INTER. Extracts node 9
INTER. Splits node 9 > 2 sub-nodes
INTER. Node 27: ([0, 2.56000000001], [0, 2.56000000001], [-224.800721978, -24.8661068873])
INTER. Contraction -> empty
INTER. Node 28: ([0, 2.56000000001], [2.56, 5.12000000001], [-224.800721978, -24.8661068873])
INTER. Contraction -> empty
INTER. Current enclosure of the optimum: [-186.768258748, -186.730908831]
INTER. Current lowest lower bound: -224.984
INTER. Extracts node 13
INTER. Splits node 13 > 2 sub-nodes
INTER. Node 29: ([-5.12000000001, -2.56], [-5.12000000001, -2.56], [-224.984412525, -24.8661068873])
INTER. Contraction -> empty
INTER. Node 30: ([-5.12000000001, -2.56], [-2.56000000001, 0], [-224.984412525, -24.8661068873])
INTER. Contraction -> empty
INTER. Current enclosure of the optimum: [-186.768258748, -186.730908831]
INTER. Current lowest lower bound: -222.169
INTER. Extracts node 17
INTER. Splits node 17 > 2 sub-nodes
INTER. Node 31: ([-5.12000000001, -2.56], [0, 2.04800000001], [-222.169167412, -186.768258747])
INTER. Contraction -> empty
INTER. Node 32: ([-5.12000000001, -2.56], [2.048, 4.09600000001], [-222.169167412, -186.768258747])
INTER. Contraction -> empty
INTER. Current enclosure of the optimum: [-186.768258748, -186.730908831]
INTER. Current lowest lower bound: -220.343
INTER. Extracts node 12
INTER. Splits node 12 > 2 sub-nodes
INTER. Node 33: ([2.56, 3.84], [2.56, 5.12000000001], [-220.342909329, -24.8661068873])
INTER. Contraction -> empty
INTER. Node 34: ([3.83999999999, 5.12000000001], [2.56, 5.12000000001], [-220.342909329, -24.8661068873])
INTER. Contraction -> empty
INTER. Current enclosure of the optimum: [-186.768258748, -186.730908831]
INTER. Current lowest lower bound: -189.683
INTER. Extracts node 16
INTER. Splits node 16 > 2 sub-nodes
INTER. Node 35: ([-1.42951453067, -1.11010336781], [-1.42997716166, -0.79160806675], [-189.682913638, -186.768258747])
INTER. Contraction -> maybe
INTER. New region: ([-1.42557022256, -1.42468653106], [-0.801205232522, -0.799484670939], [-187.012845097, -186.768258747])
LOW.   Lower bound for node 35 after  propagation: -187.013
INTER. Lower bound not found for node 35
LOW.   Local solver based on gradient descent
LOW.   Starting point: (-1.42513, -0.800345)
LOW.   Stop on tolerance on the norm of the gradient (0.001)
LOW.   Final point: (-1.42513, -0.800321)
INTER. Polytope reduction -> empty
INTER. Node 36: ([-1.11010336782, -0.79069220496], [-1.42997716166, -0.79160806675], [-189.682913638, -186.768258747])
INTER. Contraction -> maybe
INTER. New region: ([-0.801195153603, -0.799494209222], [-1.4255415763, -1.42469165833], [-187.005565109, -186.768258747])
LOW.   Lower bound for node 36 after  propagation: -187.006
INTER. Lower bound not found for node 36
LOW.   Local solver based on gradient descent
LOW.   Starting point: (-0.800345, -1.42512)
LOW.   Stop on tolerance on the norm of the gradient (0.001)
LOW.   Final point: (-0.800321, -1.42513)
INTER. Polytope reduction -> empty
MAIN.  Stop since the space is empty
MAIN.  Number of nodes processed: 37
MAIN.  Preprocessing time: 0.003s
MAIN.  Solving time: 0.165s
MAIN.  Optimization status: Optimal
MAIN.  Best point found: (-0.800321, -1.42513)
MAIN.  Global optimum: [-186.768258748, -186.730908831]
