Log file Realpaver 1.0 @ Fri Apr 29 17:59:02 2022

MAIN.  Bound-constrained optimization
MAIN.  Input file > StyblinskiTang_2.bop
MAIN.  Input problem
Variables
   x1 in [-5, 5],
   x2 in [-5, 5]
;
Objectives
   MIN <0.5, 0.5>*((pow(x1,4))-16*sqr(x1)+5*x1)+<0.5, 0.5>*((pow(x2,4))-16*sqr(x2)+5*x2)
;
MAIN.  Preprocessing
MAIN.  Number of fixed variables: 0
MAIN.  Number of fake variables: 0
MAIN.  Number of inactive constraints: 0
INTER. Scope of the solution: {x1, x2}
MAIN.  Simplified problem
Variables
   x1 in [-5, 5],
   x2 in [-5, 5]
;
Objectives
   MIN <0.5, 0.5>*((pow(x1,4))-16*sqr(x1)+5*x1)+<0.5, 0.5>*((pow(x2,4))-16*sqr(x2)+5*x2)
;
MAIN.  Preprocessing
MAIN.  Number of fixed variables: 0
MAIN.  Number of fake variables: 0
MAIN.  Number of inactive constraints: 0
MAIN.  Presolved problem
Variables
   x1 in [-2.90404312613, 2.74790974562],
   x2 in [-2.90404312613, 2.74790974562]
;
Objectives
   MIN <0.5, 0.5>*((pow(x1,4))-16*sqr(x1)+5*x1)+<0.5, 0.5>*((pow(x2,4))-16*sqr(x2)+5*x2)
;
INTER. Creates the solving model
LOW.   DAG of presolved problem
fun 0: [0 1 2 3 4 5 6 7 8 9 10 11 12] in 0 bitset: 1
fun 1: [0 1 13 14 15 5 6 16 17 18 10 19 20] in 0 bitset: 01
fun 2: [0 2 21 5 22 23 24 10 25 26 27 13 28 29 30 31 32 33 34 35 36 37] in 0 bitset: 111
node 0: 0.5 sub[] par[12 20 27 34] depends on empty bitset
node 1: 4 sub[] par[4 15] depends on empty bitset
node 2: x1 sub[] par[3 7 21 22 25] depends on 1
node 3: ^3 sub[2] par[4] depends on 1
node 4: * sub[1 3] par[9] depends on 1
node 5: 16 sub[] par[8 17 23 30] depends on empty bitset
node 6: 2 sub[] par[7 16] depends on empty bitset
node 7: * sub[6 2] par[8] depends on 1
node 8: * sub[5 7] par[9] depends on 1
node 9: - sub[4 8] par[11] depends on 1
node 10: 5 sub[] par[11 19 25 32] depends on empty bitset
node 11: + sub[9 10] par[12] depends on 1
node 12: * sub[0 11] par[] depends on 1
node 13: x2 sub[] par[14 16 28 29 32] depends on 01
node 14: ^3 sub[13] par[15] depends on 01
node 15: * sub[1 14] par[18] depends on 01
node 16: * sub[6 13] par[17] depends on 01
node 17: * sub[5 16] par[18] depends on 01
node 18: - sub[15 17] par[19] depends on 01
node 19: + sub[18 10] par[20] depends on 01
node 20: * sub[0 19] par[] depends on 01
node 21: ^4 sub[2] par[24] depends on 1
node 22: sqr sub[2] par[23] depends on 1
node 23: * sub[5 22] par[24] depends on 1
node 24: - sub[21 23] par[26] depends on 1
node 25: * sub[10 2] par[26] depends on 1
node 26: + sub[24 25] par[27] depends on 1
node 27: * sub[0 26] par[35] depends on 1
node 28: ^4 sub[13] par[31] depends on 01
node 29: sqr sub[13] par[30] depends on 01
node 30: * sub[5 29] par[31] depends on 01
node 31: - sub[28 30] par[33] depends on 01
node 32: * sub[10 13] par[33] depends on 01
node 33: + sub[31 32] par[34] depends on 01
node 34: * sub[0 33] par[35] depends on 01
node 35: + sub[27 34] par[37] depends on 11
node 36: _z sub[] par[37] depends on 001
node 37: - sub[35 36] par[] depends on 111

INTER. Interior variable: x2
INTER. Interior variable: x1
MAIN.  Branch-and-bound algorithm
INTER. Node 0: ([-2.90404312613, 2.74790974562], [-2.90404312613, 2.74790974562], [-inf, inf])
LOW.   Lower bound for node 0 after  propagation: -149.456
INTER. Lower bound not found for node 0
LOW.   Local solver based on gradient descent
LOW.   Starting point: (-0.0780666, -0.0780666)
LOW.   Final point: (-0.0780667, -0.0780667)
INTER. New upper bound of the global optimum: -0.487806
INTER. Refined upper bound: -0.487906
INTER. New incumbent solution: (-0.0780666, -0.0780666)
INTER. Upper bound: -0.487806
INTER. Lower bound: -149.455
INTER. Tolerance on the global optimum: 0.000100001 (rel)
INTER. Time limit: 100s
INTER. Node limit: 100000
INTER. Current enclosure of the optimum: [-0.487906839492, -0.487806839491]
INTER. Current lowest lower bound: -149.455
INTER. Extracts node 0
INTER. Splits node 0 > 2 sub-nodes
INTER. Node 1: ([-2.90404312613, -0.0780666902535], [-2.90404312613, 2.74790974562], [-149.455679285, -0.487806839491])
INTER. Contraction -> maybe
INTER. New region: ([-2.90353404391, -2.90329444816], [-2.90353407879, 2.74680286625], [-78.3509389451, -38.9588239415])
LOW.   Lower bound for node 1 after  propagation: -78.3509
INTER. Lower bound not improved for node 1 (-78.3509)
LOW.   Local solver based on gradient descent
LOW.   Starting point: (-2.90341, -0.0783656)
LOW.   Final point: (-2.90341, -0.0783656)
INTER. New upper bound of the global optimum: -39.4112
INTER. Refined upper bound: -39.4191
INTER. New incumbent solution: (-2.90341, -0.0783656)
INTER. Polytope reduction -> maybe
INTER. New region:  ([-2.90353404391, -2.90353401776], [-2.90353407879, 2.74680286625], [-78.3509389451, -38.9588239415])
INTER. Inserts node 1 in the space
INTER. Node 2: ([-0.0780666902536, 2.74790974562], [-2.90404312613, 2.74790974562], [-149.455679285, -0.487806839491])
INTER. Contraction -> maybe
INTER. New region: ([2.74653991255, 2.74680278289], [-2.90353407879, 2.74680286625], [-64.2071937189, -50.0416737842])
LOW.   Lower bound for node 2 after  propagation: -64.2072
INTER. Lower bound not improved for node 2 (-64.2071)
LOW.   Local solver based on gradient descent
LOW.   Starting point: (2.74668, -0.0783656)
LOW.   Final point: (2.74667, -0.0783656)
INTER. Polytope reduction -> maybe
INTER. New region:  ([2.74680276098, 2.74680278289], [-2.90353407879, 2.74680286625], [-64.2071937189, -50.0416737842])
INTER. Inserts node 2 in the space
INTER. Current enclosure of the optimum: [-39.4190729867, -39.4111899603]
INTER. Current lowest lower bound: -78.3509
INTER. Extracts node 1
INTER. Splits node 1 > 2 sub-nodes
INTER. Node 3: ([-2.90353404391, -2.90353401776], [-2.90353407879, -0.0783656062718], [-78.3509389451, -38.9588239415])
INTER. Contraction -> maybe
INTER. New region: ([-2.90353403288, -2.9035340246], [-2.90353402779, -2.90333663934], [-78.341994283, -78.3226678584])
LOW.   Lower bound for node 3 after  propagation: -78.342
INTER. Lower bound improved for node 3: -78.3323
LOW.   Local solver based on gradient descent
LOW.   Starting point: (-2.90353, -2.90344)
LOW.   Final point: (-2.90353, -2.90344)
INTER. New upper bound of the global optimum: -78.3323
INTER. Refined upper bound: -78.348
INTER. New incumbent solution: (-2.90353, -2.90344)
INTER. Polytope reduction -> maybe
INTER. New region:  ([-2.90353403288, -2.9035340246], [-2.90353402779, -2.90353401777], [-78.341994283, -78.3226678584])
INTER. Inserts node 3 in the space
INTER. Node 4: ([-2.90353404391, -2.90353401776], [-0.0783656062719, 2.74680286625], [-78.3509389451, -38.9588239415])
INTER. Contraction -> empty
MAIN.  Stop since the space is empty
MAIN.  Number of nodes processed: 5
MAIN.  Preprocessing time: 0.002s
MAIN.  Solving time: 0.049s
MAIN.  Optimization status: Optimal
MAIN.  Best point found: (-2.90353, -2.90344)
MAIN.  Global optimum: [-78.3479992722, -78.3323312391]
